[www.roblox.com/login.html]
[backblue.gif]
[fade.gif]
[index.html]
[images.rbxcdn.com/7c5fe83dffa97250aaddd54178900ea7.png]
[www.roblox.com/GET.2.delayed]
[www.roblox.com/POST.3.delayed]
[css.rbxcdn.com/4b6b27d98e2c26f64ae53c2073ae9be982e055657a26519bbf962a21e0abec29.css]
[css.rbxcdn.com/8fa43545250dfbd7d96d164fe24e886391fdccc9b87b0dc91ce78933aebcda43.css]
[css.rbxcdn.com/66b2fd496e668938e3b0e2d9a0c12f9f88c3a1a4974608f69059d8061fc0141f.css]
[css.rbxcdn.com/76213958cdc4d91524bf7bd4db57ab8097891dccc04dff60d7f3d103861554c6.css]
[css.rbxcdn.com/c56998f707ed8eb87cbfe169758e4bf5ec378d807483904507f8562ad5b64835.css]
[css.rbxcdn.com/8f55fef5030e6e8f107be51f3320159f08682b053aee5e9f4bcdf7b9327cc957.css]
[css.rbxcdn.com/cd18c6ebf050969d1847bcc2b61260be8e334ce4a192073aae0fcd19b5fa1520.css]
[css.rbxcdn.com/2c2a709240897ce382b7ff55be4347cd0994ab1e2d6ed3b56649e54b0e97e13a.css]
[css.rbxcdn.com/12cb426f1649d8c5573f65f01b0e69618bd31ed9dbbf7be213d742200307601f.css]
[www.roblox.com/de/login.html]
[www.roblox.com/es/login.html]
[www.roblox.com/fr/login.html]
[www.roblox.com/id/login.html]
[www.roblox.com/it/login.html]
[www.roblox.com/ja/login.html]
[www.roblox.com/ko/login.html]
[www.roblox.com/pl/login.html]
[www.roblox.com/pt/login.html]
[www.roblox.com/th/login.html]
[www.roblox.com/tr/login.html]
[css.rbxcdn.com/9e359afacbf43adae364437d6c7671f1f7f616d62e584e5a03c08a3db28ac08b.css]
[www.roblox.com/vi/login.html]
[css.rbxcdn.com/4c3fec0ce872f94f2c2be18e6fd016e43fdc4ccecad591cdaa3a63116f512178.css]
[css.rbxcdn.com/59dc4960d692ecd4d1c46d72048095b94515fe07a5ea6d619ac5a475d25dfe21.css]
[css.rbxcdn.com/97a9d5a74599e95902f6456aea6e3cfaa9fe463ebbe0ae4a6a5025d40e1b7866.css]
[css.rbxcdn.com/d584565dd1339ac8a09691938aa4cff54511f32a9bba1b9f013d6e32195b4f5a.css]
[css.rbxcdn.com/70a9b96d26cf93544ef5fca7ea783f537d9e57c8e9ba395f1dfb57b090d87eff.css]
[css.rbxcdn.com/3c4bd9b17b9020d9ebc87d4542a68a949a9de6150a55a92f0e65514520ee777e.css]
[css.rbxcdn.com/0fd144dfddc01ac3e7993d0305a56cf1027a2aed388c9be44c0d37f565b93048.css]
[css.rbxcdn.com/3bca47a98d58fdf98a7063c4f3b390671e5326ed559813887f3945876c997da6.css]
[css.rbxcdn.com/c5373f0dced8d7be7bb3ad1b978fb8af776157fcc41ad3d5c92d725063c2e6e1.css]
[js.rbxcdn.com/bce44770a3e3313217e86429c0d685dd245a8e4a8f79dc4b8bc6e0936f8e4872.js]
[js.rbxcdn.com/2014d436eaa3e9bab47b47576325467b.js]
[js.rbxcdn.com/358ad3aa1eb24fc3f1183d478af41316f5d04bae004f77647d885c6b861e67ac.js]
[js.rbxcdn.com/260757df563ab52c2270fe06faebfcf67bc9996c718dd4ed04b61e7f4676306d.js]
[js.rbxcdn.com/341005be30d4e45dde31bae2877e83edbda9f20ad16bd405e240f24050e32623.js]
[js.rbxcdn.com/2ad6b2753f8558f55fc35440842b58f6a8f74b40879dd503fa8394beac7d3370.js]
[roblox.com/js/hsts30f4.js]
[js.rbxcdn.com/c0b9b674b2a87f0aa6358830e63fa62841ce9a3e24f065c5fd33b7e73f22ffa6.js]
[www.roblox.com/Login-2.html]
[www.roblox.com/charts.html]
[www.roblox.com/catalog.html]
[www.roblox.com/Download.html]
[images.rbxcdn.com/51328932dedb5d8d61107272cc1a27db.png]
[js.rbxcdn.com/00e1d37a965af4242dc6b296d6c883f0.js]
[images.rbxcdn.com/4bed93c91f909002b1f17f05c0ce13d1.gif]
[js.rbxcdn.com/4bae454bf5dab3028073fea1e91b6f19.js]
[js.rbxcdn.com/558cbed0ebd127bd21f1045302a44c69a092fc29acd3ed983ecd5bcb46ed2e84.js]
[js.rbxcdn.com/83d836a661ff433d5b7ce719c489e43af590ff75ab39ccc6d393546fe91b766a.js]
[js.rbxcdn.com/3549e188c34f5a2d6fd6ff275813b3bc.js]
[js.rbxcdn.com/b306782a5a90845cd68a25c16a2dc96edaa002962ea62028f8b165074b06282f.js]
[js.rbxcdn.com/2a08265694cd78d6f2345b37f4e83bd21b6780a6286ff24d368ec796182a146b.js]
[js.rbxcdn.com/b79589d3dfb2446936aac95605deaa507ce5bc3e09073bac7dd04872880694c2.js]
[js.rbxcdn.com/2359bfdeb82ced7d627671a3f54e79df65c89aabeffafe46e360a627c8108d63.js]
[js.rbxcdn.com/97dfb46269dd61a1834ab7a89d228d02f61dba167fe65f2ef902b7d7903bd1e7.js]
[js.rbxcdn.com/5259cfe8a3e36118bd61120693dbba3ba87f2c3641f84bb07e29f1d69fe87523.js]
[js.rbxcdn.com/3756ad214dde52cb58a1300177547475.js]
[js.rbxcdn.com/66f0805c73abc8fdb07c1969ecb4e69821afd4c2ada468d7f2fb6daf0d93dc69.js]
[js.rbxcdn.com/47aa20a4d7ec095fabb9db116c99c5c798b2fa37161a5f59a340cb352279596f.js]
[js.rbxcdn.com/417d20fce3fddb17309cd798073e31ce5733c8d1e20dd955dfd2e80a44cdf563.js]
[js.rbxcdn.com/077dd64734d3aa9a884874f85f2f514a239688c33a0fdf3f90365e0e7436ec3b.js]
[js.rbxcdn.com/d064c41bb0818a1981ea76fac0d1e25142b6117a2197ba92f670612c01ea71f2.js]
[js.rbxcdn.com/1e979a52d80126c2447674c17604baf65f73183fd44df1e6cd862feb441bdcc5.js]
[js.rbxcdn.com/1c8bc37109fd84f255ebad8b6f2edbbc9f0d2b97ef180131d9856ab1852b48c0.js]
[js.rbxcdn.com/6960d340cf7512fb47e14b3172acefe8db9963419c9b35ffa1b0f1abc904fafb.js]
[js.rbxcdn.com/85208f99ce501214ee1fa2dcd97b294f330e1a23e9c378d596b9575ee15d7759.js]
[js.rbxcdn.com/28a102894c2712ff7dc9f486c5b3401a56871feda09d7c1b15f2898677b3957c.js]
[js.rbxcdn.com/0fe97bffcb328f446dd0f247d2d42e740d354ef70bd54b9371ece139569a5e72.js]
[js.rbxcdn.com/3fec2c529efef400a78a26a5c0a2d33e3e7ec0a13971616a31cd958214c71e37.js]
[js.rbxcdn.com/5fbd8389fb24177a5be64285e12645c445dee91f0a686d5bed5865f0e009d387.js]
[js.rbxcdn.com/b41227fe1ecc1f4409f2e33f02d4d968f6d6389349d2221f481ff3b34e01a257.js]
[js.rbxcdn.com/3f0e9ff5dafbd5826c77caf74e5e7d41b7be314b57022de788a0c53d6a3ff036.js]
[js.rbxcdn.com/44ff0f2cc820b734456e36bcd3528a30460f0576ff6ff17478b2d84824b64abd.js]
[js.rbxcdn.com/c260679a99a8e90ba1747e833d265a55d6559788e829e2a90052fecea7ccb3a5.js]
[js.rbxcdn.com/5a5300a5800d03e45af07f710bbcfae2d6a2f4edea9305cb47a488bb57b74455.js]
[js.rbxcdn.com/2da1b676b979a60ce3b9471d919f53c6523c606f10e6ba75fa3c168945b8455a.js]
[js.rbxcdn.com/88bacf62dae20f1d352d30afbd3df4c64ba7a24c551c6ee02152719cfb11b830.js]
[js.rbxcdn.com/730fcbf0eba6dd82de9b0029e157627f023e6f448059c5b4c6a4f356222b3ac0.js]
[js.rbxcdn.com/94a14bf31ad0a75d3878f6772e6d5a251e7da9b64894e2176a07f65f4d79d8a3.js]
[js.rbxcdn.com/e7e3731285889059db29156a67cd4e5358a2dbf2102a88f49403c524cab2ba91.js]
[js.rbxcdn.com/2dde7e9f4ee2afeb69e982b825a06322b3b9a4b6f015e0ff804422447f2b33fd.js]
[js.rbxcdn.com/38365a88b25d184116e052825422e21e63e138cbdd19523d932f5707d4f0d122.js]
[js.rbxcdn.com/c4b0a446b38285f3db5472340f4ef27d737c87b78348e36dc7acbcfec89d70bf.js]
[js.rbxcdn.com/4b4ed339879e21ebd989965a4ade1a7d6f3181871df8d816198c1cdc73b629d5.js]
[js.rbxcdn.com/ebc57f8a4aabceab9f38dda880bf11c04f2c92f441e535f0bcaa21b294736e65.js]
[js.rbxcdn.com/55e9182f30571388944215c359582495c9cf39ff1218f2a173415d5d37dd6f18.js]
[js.rbxcdn.com/2d489ad8a92e817f589e0015732300273bd3a92baddef4a03c25f3962a28871f.js]
[js.rbxcdn.com/10ef4a4b892f4fde2e22b11930eafc358dc1ff59e17b44095514daf733a2f101.js]
[js.rbxcdn.com/cd456bb506f1b0b06a2eb645ca018d367185ca84725ec00d524e35ce431f4a8c.js]
[js.rbxcdn.com/a492a79bc53043f04102d39c6606aa62803c68f3dce86005ddc9090501d131c9.js]
[js.rbxcdn.com/93bfec8bd4ba11fb0c3010513fd9857ccbba036ee67486c87eecc07b75653eca.js]
[js.rbxcdn.com/8db8d8704b1403e4c919554c73598a33742864def2eb7bf95279260fe5193313.js]
[js.rbxcdn.com/13b3b0cf97cfb5da4538eb0c59f252188b4f724f9328c264a58d24a714e41fe5.js]
[js.rbxcdn.com/f1a9bb12bbea74cc80e699950b327eeba71661a20ee8a2c17376c56c2617184d.js]
[js.rbxcdn.com/eece21f4735747c13ebeb3eac6d21e7cc9d78b021f48d1818ea700f31bd71c6a.js]
[js.rbxcdn.com/7f4c2753c55dc89d4c9bf2dbfbf34e224194f6255457c0bd8c8c1ed0e6350f3a.js]
[js.rbxcdn.com/93ee85b0c6bc634c4dd745223f0f8175.js]
[js.rbxcdn.com/b37f27692abfd4515ec53562e3bd54cbe3a8e410b7f589d78f413e1e14d511e8.js]
[js.rbxcdn.com/5a130ca7a8a39e0d88f0b43543e6e80e4b8c20405a7af835356add2a156a610f.js]
[js.rbxcdn.com/7693d98990f875a88c91c0385e1b0542bb51913fb34b23f414b6890d90353c40.js]
[js.rbxcdn.com/7043536ec0248f489b68b5e62dd3336f6962fb50d18a65b766453a206a772d4f.js]
[js.rbxcdn.com/77f5d3c9ad53257cbf0289315aa5cc0577a481757f88446af65af5b619a26f3b.js]
[js.rbxcdn.com/4428779c2e0a2fce051d39a841e7e4d2d6693def23be6198c5ee437df3e33d3a.js]
[js.rbxcdn.com/aff2cdd67a84ad537fb2b3e904411bfa9eb52ab295378592e4a0e7d9df8153ad.js]
[js.rbxcdn.com/8840361a5778ea49d9f3dc0c5dc9562926b3fe8f9daa65871fab9b623a356364.js]
[js.rbxcdn.com/1e452d1c91edea05faf9702963aafb1e66fc8dd6c95c830a3c8ab50388a87881.js]
[js.rbxcdn.com/4df6ec52559e1c250d3f2e8286e1ffca9f33998dcddcfaf096a4bcd364bbf808.js]
[js.rbxcdn.com/cddef009765ca412658d8c18eaf9fe332b3b54af2143085b8347781a767094f0.js]
[js.rbxcdn.com/4bd1d2c26b9554957dba7a429527fc5b73ff6949c827448ffe265cb819285202.js]
[js.rbxcdn.com/2ffcfadeed2e20b3e6395cc3dabefb7bbb60cf00a17ca915c1b3828eea5a9c7c.js]
[js.rbxcdn.com/1b37f6854cd6a6c317afa1cc9973017836e197ef1f5a1d27c087d29a340dd8c0.js]
[js.rbxcdn.com/b0fbd6bc5e01a6149d6ad9c8333646430db4f8a31d66566d4204d6848b65511f.js]
[js.rbxcdn.com/bf3342cd2cf4a19c6c07040218b5f286f0cf59059f6782ba09fe9f36eb0c869c.js]
[js.rbxcdn.com/5f2ee2913bf919a8576bbe4120a6d41b933e814a4779a0a3fc1d9d941c5ee368.js]
[js.rbxcdn.com/0056022aadda7fc97ab043ed4f014c54aa31c5b13aa2d33840a736db2bc286b4.js]
[js.rbxcdn.com/9dbd7eb5dfec0dbde4d8354fd560294bb7e34aa6ceed1e5ec80497c0134466cd.js]
[js.rbxcdn.com/2b53798361a5d3c228e0ec73ce70d47d2d32d982d253ee1b900cd215cdde6eff.js]
[js.rbxcdn.com/6aefaa6affe77bf3a615659820c7d2d57c6449a3c28050531bcc18f8cd31710a.js]
[js.rbxcdn.com/286bf83f913d1914e7e80c962bcd94c6f639dc45b036e433ea8f2b8c4a71f7e6.js]
[js.rbxcdn.com/fb8de862b7fa51dc12e96800cbc339d4eac4131fc0e7834e860e418515687da2.js]
[js.rbxcdn.com/dbe72e91501a9c36585e6c4c919c0368d25b598e7f672d03d792b953a2e9def7.js]
[js.rbxcdn.com/ba8d8575fdb6e0bab85e9715a0084d297ade28957a6e64d73ec56af6c0a648e9.js]
[js.rbxcdn.com/54c13aaea011e94d285d4171277dbaa0a2ec1bf763b408d71f2adc7f72bad919.js]
[js.rbxcdn.com/bd18305af9e4ce41099df37e554eeb1bf2cc139ffba636e356666ccd9d07481c.js]
[js.rbxcdn.com/35f0d01b47b92a779a0eb4c083a91f682d01b13e759d03f4dfe2f87bc608c2c6.js]
[js.rbxcdn.com/e778966a23e02f475d8725623a8dc21579b54a939c52738ec1b6565dc15be9bc.js]
[js.rbxcdn.com/66af48dac0da4f3f49e12c6b7c3af3389dce3e20828a27ed1072476ed6521779.js]
[js.rbxcdn.com/ebe4ab28d2c5d6e007893c7f3f5afe260a48232b82a2711a86d8f67788d3942c.js]
[js.rbxcdn.com/5e740130ceecbb0e1340b712955c239f6395e918d1558fe7982933b895d728e5.js]
[js.rbxcdn.com/1eba4a5ba48b46f09a1576cdd3e3440341efdcebc7150e44b4e743da95e3e830.js]
[js.rbxcdn.com/846daf4727935bf2ce0c89ac0f21292485a9e326c1485ad9717a862220944abe.js]
[js.rbxcdn.com/64daef195122aa9c881d456010e7b98d698b1c6b1aaba58c81abc27da0db8fed.js]
[www.roblox.com/login.html]
[www.roblox.com/GET.html]
[www.roblox.com/POST.html]
[js.rbxcdn.com/6347022f305576116e259b6a9691db0e.js]
[css.rbxcdn.com/38e00f7de6f417aa3a458560a15e2b8a-GothamSSm-Light.woff2]
[css.rbxcdn.com/4b6b27d98e2c26f64ae53c2073ae9be982e055657a26519bbf962a21e0abec29.css]
[css.rbxcdn.com/b386a6bfc8e0077f1187ab64fa702226-BuilderSans-Thin.woff2]
[css.rbxcdn.com/8fa43545250dfbd7d96d164fe24e886391fdccc9b87b0dc91ce78933aebcda43.css]
[css.rbxcdn.com/d8d1cfe6a81efdc0eaa7a64ddeec42230944f4e6330e5eafafcda10cf9e5286a.css]
[css.rbxcdn.com/b8f8f15a57a66e73469ae72eea7d8905346afa78b9f2397627cd099f7dcc779a.css]
[css.rbxcdn.com/66b2fd496e668938e3b0e2d9a0c12f9f88c3a1a4974608f69059d8061fc0141f.css]
[css.rbxcdn.com/76213958cdc4d91524bf7bd4db57ab8097891dccc04dff60d7f3d103861554c6.css]
[css.rbxcdn.com/c56998f707ed8eb87cbfe169758e4bf5ec378d807483904507f8562ad5b64835.css]
[css.rbxcdn.com/da45920fef8b22d35ee6cce0702d290241252fbfd99695e2abc0934d20de0974.css]
[css.rbxcdn.com/8f55fef5030e6e8f107be51f3320159f08682b053aee5e9f4bcdf7b9327cc957.css]
[css.rbxcdn.com/9bfc48ea40a698035ea8cbe3d3e94bd06d3aac48969bedceb6d8ba5ff17ff84d.css]
[images.rbxcdn.com/2264d9a3c1a5db37835a57235613e4cd-400_440.png]
[css.rbxcdn.com/cd18c6ebf050969d1847bcc2b61260be8e334ce4a192073aae0fcd19b5fa1520.css]
[css.rbxcdn.com/2c2a709240897ce382b7ff55be4347cd0994ab1e2d6ed3b56649e54b0e97e13a.css]
[css.rbxcdn.com/12cb426f1649d8c5573f65f01b0e69618bd31ed9dbbf7be213d742200307601f.css]
[css.rbxcdn.com/08def520152a575438e73a81aa9a310c2415c327df7b624a24aa6e794d24dba3.css]
[www.roblox.com/de/GET.9a.delayed]
[www.roblox.com/de/POST.9b.delayed]
[js.rbxcdn.com/b718249d8351eae2494b3dd2b3c21919.js]
[www.roblox.com/de/Download.html]
[js.rbxcdn.com/95149981df46ad9923ac78fb1de6cb1e95d18c8e3581c12b66a0bcc3dba1a3e9.js]
[js.rbxcdn.com/a7f8ef39e3222dd87e80b88f33798b4147790338fbf62832f9eb11d8538b0855.js]
[js.rbxcdn.com/90fc977b4bc5be0e514353e52e8fe02dca963d8e0b6cf134e819218ed8f83867.js]
[js.rbxcdn.com/2f81df4ba7fac8f3abf8c116d34a3b1b3f3c1f62d9a6abb808f95cbaff452551.js]
[js.rbxcdn.com/7730fff4e1477239840256961802be137c8d5ce6723b0889ac525bfe58a74003.js]
[js.rbxcdn.com/66f99a552e1b9befe89ea07787195b2b223bc5e93b452bcf326e8728ec1698cb.js]
[js.rbxcdn.com/dc2cf2e13daeb298bb874d126d8b067c2863c6a8978b4d5046e600e4b598578a.js]
[js.rbxcdn.com/890ffdd7033a07fd928476369680cc858c450ec4961de35adf083b2a4947063f.js]
[js.rbxcdn.com/a69a2bf12e0c43200b2aa176ab0fd0a7e2c2ef8a463ba4b5152e7614d8408981.js]
[js.rbxcdn.com/2a98b190bb832ec0fbecf6fac8b88dd97d00fba9209d8dcabea222d28031c8c7.js]
[js.rbxcdn.com/bb80fe13e1bd1292557f6883c41f7caa9914805b6f6f1606ae55ca367dd8c432.js]
[js.rbxcdn.com/d33ce74e1b98bc070ed4542a3ac39318489a693cd98ce6725624311fd83617e1.js]
[js.rbxcdn.com/2d0a39178b783d4e09a426a042a826da646b1fc91f581c3aaaf26462da283d18.js]
[js.rbxcdn.com/f35c598627d3b08e863dafa67e5cedbb525b562ac58d297b0d566622e1254b7e.js]
[js.rbxcdn.com/98e3ba0da5c6abca79ae68fa7ff10c34e15c3e58dc51ffde46a5857acbcbb804.js]
[js.rbxcdn.com/06ad3970b5febcc0e936dea943d90d2adbdf81d11b2faa29dedefd95ec3ff899.js]
[js.rbxcdn.com/5699f030466d49a7ffaa49f4780409e9f2c4fe7cc6f9801204af0271ac364da9.js]
[js.rbxcdn.com/118aa5682389515facd84ffe9639d5cb11795ac72ce3c7265bce62df6efd16ed.js]
[js.rbxcdn.com/955567fcee625c9235aea26b45e9b137de9ab1340f359f7b2890c0589415137c.js]
[js.rbxcdn.com/0fb2d51d340cb30d87b0e084da54264c3337bf80ede8d8f225a436837e95325f.js]
[js.rbxcdn.com/5fda755151c9b8b99a2f819c447e88177034ea91ede5fe60e885214f171daf6c.js]
[js.rbxcdn.com/19118a9a629b89b3cd9b0b27ea39abc5ba29f751e410633419dfafdd50a4e1e8.js]
[js.rbxcdn.com/ed49522fd0b1b617240fb3c3cffc90e86c867ddadfb863283393143e84cc2933.js]
[js.rbxcdn.com/8cf82f0d153ba848b6f965be45c1e83760df8e1b4a2429bc37ca85fa79d7f245.js]
[js.rbxcdn.com/541a2c06b0dcbe1e2b287c07c1cac903dfffaa0103d4dbed4c96ee990700b5d7.js]
[js.rbxcdn.com/cb51d34b03d093cd1d34790090f7553853dd0dd8cfcad57c6a6329903b2a107e.js]
[js.rbxcdn.com/3a08fa760f713b9a813fd3dd9a287c4a884d420ba55569d691abb51f5d0607ef.js]
[js.rbxcdn.com/439079adbef341b719bced265fb61cb6e08fd0099cc006088b3fbea234546b55.js]
[js.rbxcdn.com/45dd9a6e8e3dbdfc18153719b293eff8cbfd32e05b8186a5ed3f15a95f1ecb64.js]
[js.rbxcdn.com/212936173300cf51ea178cb6bf80e3a62796cd636f4052d34c1355409754ba47.js]
[js.rbxcdn.com/26e634bb4604182122f9c48da4816725bebe417e0e8913589e67cabcf7c5fb12.js]
[js.rbxcdn.com/485bc5fcdc4731e3edd691a12e29e10d6dd7092ec24b48f058e9aa729aec9049.js]
[js.rbxcdn.com/8889de1e23be3333741bd33377c89e88aeab7998ebf4ced2ea65a96d770af729.js]
[js.rbxcdn.com/0c30c69e337c1ea5a56f0d1f08b7977fbb7afb09c919db8bcbf5db1196c886fc.js]
[js.rbxcdn.com/60ddd2e451fd1bb0df64b78e010f486ecdc9a94ef809f56e9e327acb537d9cab.js]
[js.rbxcdn.com/cd57b151dfa4ca5087db2d702822e826432345d8ff357aa1b0f18f1a4a383ade.js]
[js.rbxcdn.com/6328efa46f9d9fb4eab34e90ba7e2c6486e35551d257d0b41a09879337b01549.js]
[js.rbxcdn.com/d07c5c86551e1a80326768c45bbe777b7f714f6730b4ecd580c878efa8d3213f.js]
[js.rbxcdn.com/b2fc578513567f19e4ea619994599a39b827a79578a58bf6ce565aadc4de1bae.js]
[js.rbxcdn.com/03deee3b40a9ff51b6aabed85f5b7cd354801c5d05863c74dca72ac5f22cc9a9.js]
[js.rbxcdn.com/83f11f0242ec659313f2ec475ba30426332ff009d07ea7ee6da30df2e6832e88.js]
[js.rbxcdn.com/3a858a1f0d676333a257648e25df405c91940bb30d024a3378073ef876e619b2.js]
[js.rbxcdn.com/8f2404ea3cd842c0d1ffd9bebf673b8572a2935243f7e054eef8fcc7a898f48d.js]
[js.rbxcdn.com/95cdc8450db2cae2ea74d1654c8da1f053aa90033955470e77d57ad2471c1cb6.js]
[js.rbxcdn.com/dfc7c34c28effd1d6d4983a1d72fd712e5a639608178deca2f9424668a87a122.js]
[js.rbxcdn.com/b315b4f5aff6eba4dcec723f46173a7eb6794f36a8051a808f5c9a5accc3e822.js]
[js.rbxcdn.com/d9b4f8626ba6e9c4a9b6f84527e222dbb214a0e61e1e43adcc8d71082413d667.js]
[js.rbxcdn.com/9a89a9ef9c12f9750710425581b5099ef93a2dcca8753c1bec7b43fa8916ce10.js]
[js.rbxcdn.com/52ed89a17bb83fa18b3a82f65092b671bcd0bd79c0d4378acd36eba24678ef4a.js]
[js.rbxcdn.com/5bf84976106d6482adaa492823ee063e652cdaa1ca254ed5583941f2082c73e0.js]
[js.rbxcdn.com/5418f00c73c08d3b23c21e9486aaf8de16ee77af85d668428bf542a636103a63.js]
[js.rbxcdn.com/9c028485f24c2ee8abe36454793f7b099e93d263573944cf4b4bd1b257300eca.js]
[js.rbxcdn.com/9429e9e5fea6403d1eb312786bdf89a7168891a5347dea80da5ddae96e9caa60.js]
[js.rbxcdn.com/87ebf8c48dd6febf8e97489328fa11812c913838ffebe69282c37c8f4a1450e9.js]
[js.rbxcdn.com/8b8f62c93ba1f851f40cb89cde8ed4b44cc0f892f0fde805b4243f9fb8b8f6f1.js]
[js.rbxcdn.com/c97894ba376cd426c3e3c5471f3da5067dd07607ef79a8b4af966b907a7aa9b8.js]
[js.rbxcdn.com/43c65eb03c2fddfb7aa81e4e92eb4fad0d302d328205a1c6e64d8dca3457a421.js]
[js.rbxcdn.com/bd6bdbb129b665bc67778df038aeb08f57fc5b8064e715e48bbe31e6501f96c2.js]
[js.rbxcdn.com/b8e8d2052f802b0a8e4a94531d77de9cd0930f63e37f7a3e4203bce55a17a494.js]
[js.rbxcdn.com/b37daf2ccc1f235bb79e1a8ccdd69313ea0bef02acb15d8d416bc7e64b3fe598.js]
[js.rbxcdn.com/f2c1ee61479698db83a8359a386bfa932f58909dcd30ecafc3fc74281de74591.js]
[js.rbxcdn.com/3812cf6d60a5e5f3a2cb72900d0d88fc53ee96584e08507adf940f085c477ffd.js]
[js.rbxcdn.com/b58dcfdd30fc661eca3a2c267e2a7e4b70509ace2ba6b61804be63b4994b9657.js]
[js.rbxcdn.com/b82696a81c4eb2c4993918bfb0efd0f3605440f861ff017af159c5e0cd3cb64e.js]
[js.rbxcdn.com/3e34aecafe376380899e9e1300e5dd52f8baf05cedc5557e217682c9efee279a.js]
[js.rbxcdn.com/d4b315e3bee4f66ae47fa9bc6b886f0c4ced6cd275176f1ba44acda156f436e3.js]
[js.rbxcdn.com/241e6c90610987ea44bdb05d98b07c5c056ca412761a18d9d4dcc5c0dc4233e8.js]
[js.rbxcdn.com/ee0495f70fd33fa5fd95ebbac1e296fb505b688c0fac12abf2d34d50d8b6ca81.js]
[js.rbxcdn.com/079fcce935990efe3eefa2a4ee14785406860805529e296d4f4fe38e2c2a6022.js]
[js.rbxcdn.com/e0059aec30d81c504c9b38955ec1062de9ae81fb8147581935bd393f56d1507e.js]
[js.rbxcdn.com/6fa7a07c7dc617af1e7d067b4633d669e93b864e9c8fd6d2272be8bc76ee872a.js]
[js.rbxcdn.com/bfd2f50c2527f8a6ebbbbf122681bacca468837269df925ecd2b7ee178b918b0.js]
[js.rbxcdn.com/9ccf93e65568293a9d6d037257f446e7f26c3a5cc764663620e3cb3162f7e92e.js]
[js.rbxcdn.com/3906a52b64e1bdec0ebac5eed1d63d4556d818826045cb78989e23754fc30980.js]
[js.rbxcdn.com/f97eb41a12dc145846afb2e40be96dc9dd4424a5e6e8ca5609e0b1076011675b.js]
[js.rbxcdn.com/27aff06b7e38b4aaa698a51de786596cbc401ed8149bd5e48382aea3843b49a6.js]
[js.rbxcdn.com/2d85da4f9d2a484be909587bb1490c109d0e2657b9da180d1f0d2bffce8c8508.js]
[js.rbxcdn.com/ceb3a0d9314432d948dac544fa24903fbd8776b088a04326c260dc55a86c0297.js]
[js.rbxcdn.com/c5a89781f35d54f81854039d91a45bfa58c818dd810c5aaf09714cc795e659fb.js]
[js.rbxcdn.com/5fdceaee084e10779ed34825ad213e183519f75773f39d331273cc709fc6c654.js]
[js.rbxcdn.com/d0cf8a226060b1ed63a49d6b529fad512c3ccdbc7fda9ef61e5b582000f9685c.js]
[js.rbxcdn.com/d7be896d9dc647b3124038c0811176c65e38fa8501a805daa6df96540424fa45.js]
[js.rbxcdn.com/56728bee27a8608f7bbd04016bc65d1b97165cdd2db169a8fd975dc92ffbb09b.js]
[js.rbxcdn.com/614f0653c2c97bf478fd48604b9ccea985d5f809092c413c56617031aed85f23.js]
[www.roblox.com/de/login.html]
[js.rbxcdn.com/316fb7d408f7e401109b4e7e8d1a6f0b.js]
[www.roblox.com/es/GET.f5.delayed]
[www.roblox.com/es/POST.f6.delayed]
[js.rbxcdn.com/185f14d8610817ae2768eeedf1f6b3bd.js]
[www.roblox.com/es/Download.html]
[js.rbxcdn.com/3a5aae3de4f70aa2ea301a7f520717e0dd0d12bec6a044ad76b530bfa5c556a9.js]
[js.rbxcdn.com/473fae728be0a153a9ec5be6771ae8c61786b39202fc7ee3f5e720a1d6b946fe.js]
[js.rbxcdn.com/d1bb3c2b4e7afb795ccad68a7ba911c9984f2600d90fc1255f2b398977ff6737.js]
[js.rbxcdn.com/71f58301fb51cf8b09baf018fa44edf7bf0d1f5e597528bfb9ac6e348c5ad960.js]
[js.rbxcdn.com/f7a4b656b1ae68f6b3779e09307fa43d0117b23a355ca17df1d5274b8e5e1f04.js]
[js.rbxcdn.com/24795c9dc885894eb566bb93a4f9cd2a4efd479d6eb19f2623778f35f8324eff.js]
[js.rbxcdn.com/35b65f5baa6cd38d0f5454cd6f326c26eace847f908045a2ad0adeba139a5b70.js]
[js.rbxcdn.com/e335d8d68c0cdd7f2d75579159517d771986e39d2fe2fb5fd0eb1a43d54249e9.js]
[js.rbxcdn.com/827872c0706228c4b5669de935d7d61be4b407d3fbfa82b37a7c6199f4686cdf.js]
[js.rbxcdn.com/4fb8281bdbcac41d898a0a80c2f5a1919429489815a07d705ab02971e6316739.js]
[js.rbxcdn.com/aae5c77937ca8dbe7247361e93f5cf19d3afcc79bf89f75629cd3a8fb71641c2.js]
[js.rbxcdn.com/d01e37cd2b0e71821506d6a708d19e8342fbd55933f3e59ed30544166e54a714.js]
[js.rbxcdn.com/216f36f72b2efaa3da4a5e464988961f655166a61cf9aabad1609ffdb435d082.js]
[js.rbxcdn.com/3f3c3d3a5d3742d10ea7d9ad6410d6e03ff83bec84a7c8c5fc70ee8f455ac8d6.js]
[js.rbxcdn.com/162ea727a78d77218eb513627c8d1fef52b2ec0cf9c2343d059b840474cb5bd5.js]
[js.rbxcdn.com/b716ef99df6062987ad992e2c73c2e6dda0b3668eb1a129dc0001f338dc72726.js]
[js.rbxcdn.com/41f1827edac66eaf28c10d064d2ba2865ec0bb691e7b40f2178a4ba72bfa7e62.js]
[js.rbxcdn.com/43dc9e64ea291da626d31266259c674efd596466b99c4dd7de19a1ac6c17fed2.js]
[js.rbxcdn.com/903e430a4e66a492388538ab5729702d8ef0d40ac8058fd5ea3fc2941aecdbbe.js]
[js.rbxcdn.com/8127aed7c346f6fe99a98c196f050a3f0e4835724aa1009d4631d945a1076056.js]
[js.rbxcdn.com/c84ccb47291cd205507f3c7fd84d460bbfe6f16ee71fc038971111795ff9a3f0.js]
[js.rbxcdn.com/68a6c548df0e000b04d9e031bf0fb534adaf25c8e9de889c88cb6165c80e5f1d.js]
[js.rbxcdn.com/321032e5fbfab53482eb5407090c5d4dc7488142cab95d3dcdeb485890e564e9.js]
[js.rbxcdn.com/07184be214154c4512e07a0776fd2ff45ac7d2f0c7ed8a204003512095ba4997.js]
[js.rbxcdn.com/ba2280b5c2edaee504e17042ab5dd710ac3ccd09a1f4b7e8f71ed845cf64b96e.js]
[js.rbxcdn.com/663e5c0c093bfc572b5c05c309a0ee1aa035e0d6d7841ba6040e0ca6761e8195.js]
[js.rbxcdn.com/985c897b4441b0568300210228674142749e7cf49e8df496fbdc06c735fa63c6.js]
[js.rbxcdn.com/ffe5e074f5469660eee056c77733f44995e84a55bc205ad4b86bd88219732c82.js]
[js.rbxcdn.com/cdec150c9bdfaf721bacb6d6f37c2524db3bb80f0fa1b17e4e8fdc554dbe1e2d.js]
[js.rbxcdn.com/30672fb6a34a5f0e0ef9b17a58ba7f49f82d0f15ae437e7370fd10c5faa2487e.js]
[js.rbxcdn.com/7ec2f4fc1d3f63980d08b970b6ea750e725a197eab50a861c1829e7897a30a73.js]
[js.rbxcdn.com/6264ddd42e97552d604a0d26c13e44ea1b795fc60a582e58796dbb01bbf0a947.js]
[js.rbxcdn.com/da96d3fcbd38f3bb62709c01239c9bda376db3d73b9f74fcefc05e30d5806e17.js]
[js.rbxcdn.com/8b3c943297d8f0b3dda8a7b52d6e42ebec32b1da360190e9e0797ba0987086df.js]
[js.rbxcdn.com/f1e29b344b9b9a3a900f5119e2635671418ca7fd14d5aa17a6a885066583b08e.js]
[js.rbxcdn.com/672d3d2e6215ea1fb9d5b7f3c040b7ab2cb83fd45b3ad8e1d8416a7f7cc840c1.js]
[js.rbxcdn.com/439202dbabe3a9e3a9c90ba25f91b15d40b30ec1579c4730fc28e642529d6c23.js]
[js.rbxcdn.com/4ad1d5d500dfad90a75c3cc742a3632842f31d2345bb7e193081e3c9b41d15bc.js]
[js.rbxcdn.com/6fb5d15d8b52149b82334ea6dc6f60f3acb380cd691a47a7eb98c790d54f00f3.js]
[js.rbxcdn.com/657c95f57cd7d024c1229021900c9669298bec26f33253214f2d19862f62ff54.js]
[js.rbxcdn.com/6b9fd3e3807185f2b89ab9fa0611965a1ac9e36fb98cd3034405c31161fe9a45.js]
[js.rbxcdn.com/71a7a428b72122677b63bb39881c1eb6e2ca1515607112fdb8733f2206000dab.js]
[www.roblox.com/es/login.html]
[js.rbxcdn.com/3e6f82b2289cb4ffeb1874c4dbfd1fd5.js]
[www.roblox.com/fr/GET.126.delayed]
[www.roblox.com/fr/POST.127.delayed]
[js.rbxcdn.com/8c7e1d7ccba1380db7320ada71e579eb.js]
[www.roblox.com/fr/Download.html]
[js.rbxcdn.com/e69af57a1e23d3b7f1cfee5eef849d2013adf76095630b4072a62bc683a5b0f0.js]
[js.rbxcdn.com/edee11142cfe1a93321d30af25238ab3916ea5c239c183fc31cb26056a404cd9.js]
[js.rbxcdn.com/fa18f2c04a106c5540e9f4063bd415cbd79e49cb8cda59651641a6aeecf1fb1f.js]
[js.rbxcdn.com/5bb8e137b49e3a5cae80f023cc7331ed51878a00887ee688ced269af30a7892d.js]
[js.rbxcdn.com/04342307684c1c1737fceb089b0204392bde5e41c97f9d4f6878566d0fd6c7ff.js]
[js.rbxcdn.com/d5a582eee36a56752bd2beb29b0de882e3865db8b29bae762044c2d71025bfef.js]
[js.rbxcdn.com/4ce2e6f511c327c7e69fdca7f9b768a571ab7d410034ce999ab64fac99ab16cf.js]
[js.rbxcdn.com/e291a3f6a3485197787141f6c1e1661cc759d58dbd06fb792b35db122b412422.js]
[js.rbxcdn.com/d19bff23fa108fc6e635e2c8f0fb600577d57fdcc1912acbca0e35f8b24e2ce6.js]
[js.rbxcdn.com/a19b371b2d366aa32f40513a48a9ecd80bc4783d5136741d688ffecd92ec2ca5.js]
[js.rbxcdn.com/9f4672e98526e761d3f6a853ceb8916b570b4b032877f2dfecc9899b4c5e14be.js]
[js.rbxcdn.com/416e0487d23a6e91cbcb49592dfd548807555bc1163f51ee9a9ceb3bea79a156.js]
[js.rbxcdn.com/9a63697cb55f7cd0a2fb4540b77ff84fed8723f4f6b645b34976174025109f55.js]
[js.rbxcdn.com/3b42bf4be7b2bfd7b7a94c821cbeec3b739f42da2d2c58dffd19b45a57a1de4d.js]
[js.rbxcdn.com/54353ea4ba7923c35a23acfbeecddc1ff8b3852d59f121b8ae08c746fae19498.js]
[js.rbxcdn.com/73c7f6a8470d3a8e50d6aa8c1ff87437bc6c284f1362b61d10473efe00e5dc16.js]
[js.rbxcdn.com/798f611b6420d937d3e0e185e0f4c100d25504318298f7c0853b548a8feda388.js]
[js.rbxcdn.com/791c33e7b43fd59bcc706412cf7ebde051c76af94cbf4f4e4dd84ae0dcd24f4b.js]
[js.rbxcdn.com/a1a40a73ee4d489126ef86ac2246b91500bde4690dcbc9277426dd43d51b30fc.js]
[js.rbxcdn.com/e225d1caf66b46c60595951b33a12fe7a0811ebf414d398ab38364677c806ddc.js]
[js.rbxcdn.com/4ba6dec275a929444578c8981fdd0e0678864e9f88108c1e7c9781bf6d029b66.js]
[js.rbxcdn.com/a759672fe241c84864433521f6954eced217a3bd719e00e3ee6d1d8150fd8c33.js]
[js.rbxcdn.com/449462718998659c4151adaed268eda044fe4fc70d2ed639655cdb5701f4668e.js]
[js.rbxcdn.com/38404cddb11105ec76df27fa0be83c4246dfd3a5253d44c63b1c07358d31e763.js]
[js.rbxcdn.com/8f6f57cddde9aff1dc702ddcc6111ae1b0511cc2d93fd3ad46e25da8157cfd38.js]
[js.rbxcdn.com/1e83537166af7da7c063ad765ef77997ca54dd77dd08df137a8ec791c2a80795.js]
[js.rbxcdn.com/111e1d6e84f5e0a493a47e5b08e4fb9f143a0cd48534129e2390322ae41a9b27.js]
[js.rbxcdn.com/99da9e8edf61108191e828a8edf34f8a88d4a2980e02a0eb78b13fe0ea24441d.js]
[js.rbxcdn.com/60d82f4d0d73db9c3aa59aa97d9238e3fcdf9b5528745e2b935a1b01cd5cba67.js]
[js.rbxcdn.com/553f646bc95289c24ea9874928175c752b5cafa07fdec37b74f235b3d8e731ed.js]
[js.rbxcdn.com/0372b9645c50a3150b5723e8ec262c772d60145beb38807691e01b6d22cdb24c.js]
[js.rbxcdn.com/6f5230092328c8dc2b2cda1f65de1dec53c42eae78717b59d38e6773ae545523.js]
[js.rbxcdn.com/3067007b7abb9ae98ab5a0e6244eca60b4c598f99464b629b4ddffdb4b66afce.js]
[js.rbxcdn.com/dcf4347c8b1bf1b7cf6bc20ec7c5f7f9ecf2a9df5a206e4031899efd559e3e49.js]
[js.rbxcdn.com/0cd8437490188ddd93f44f48b766c0784c7e16edcea2a2e7f543cb7814d0ccd9.js]
[js.rbxcdn.com/f5c1bec9a35e9edff6a35902486a2d719ed11b3c13fb67dd2157c560d769a1bb.js]
[js.rbxcdn.com/d319455707509a8dab21abb7a48e5f37e34ab082ff4da907e7b8290ed14b4e56.js]
[js.rbxcdn.com/30e8fc3fd860c70d4aff488a2c69b7c3b1a7c64094a30c8d57c595592347ee0c.js]
[js.rbxcdn.com/0881cf06b791aeb2d7934ba28d8f692eb097a17399ef0721d7f9f7ad11ee28ba.js]
[js.rbxcdn.com/33a39bce9f710186374b22edd51d18b9df6a03ee4014341a957561307d3a052b.js]
[js.rbxcdn.com/a4672de2a05bd247a0c52c2b3ca016d1f82fe9691ee355be6a5242d26ea5150a.js]
[js.rbxcdn.com/232b3d35a0472aa42243759bdf50c56d8adcfba72cd57d641041a6a65588b88b.js]
[www.roblox.com/fr/login.html]
[js.rbxcdn.com/652826288567735b1bee4a1222f835e3.js]
[www.roblox.com/id/GET.157.delayed]
[www.roblox.com/id/POST.158.delayed]
[js.rbxcdn.com/748a01cf097480a4697d1444783def09.js]
[www.roblox.com/id/Download.html]
[js.rbxcdn.com/5e778e7e73813d0cf9622245fe0f358b34382526883b0ba4c3a99adbdd871aaa.js]
[js.rbxcdn.com/88510900abb9aba5bb56de1bae62d7466776e9e5ab707b3070ed6c4c07b3d046.js]
[js.rbxcdn.com/c851e5217187d0ef33b1834aad9be04520756a3e48cee5a15ebaa9aded7f46a0.js]
[js.rbxcdn.com/44c0185728efc1c47c57bbde44cfdf32d479c5ec915f69a9bba45ac8866623b0.js]
[js.rbxcdn.com/b7cdbc0d239ebab4f32a460613a0b951b0f7a929e33e5c8d34a8899a942e111c.js]
[js.rbxcdn.com/995b8771a95f0e5cd5d8cfa1984c78bcb7f8ca9c2472e1cf3253cf913d6ba4ba.js]
[js.rbxcdn.com/539f87e688e8b51e48f10184e6c0d8c92e8f150d639a5dfbf62e0d0b493d3168.js]
[js.rbxcdn.com/9f93ecf74c3e1644357b3aa7db17bb1dbd2e86da0bab4cd116b9227bae9000a9.js]
[js.rbxcdn.com/692e5defd689fa4a13441dccd1f85149097f561bd11743fe46e349e07b384c63.js]
[js.rbxcdn.com/08d04a5eab233e8d3b2dadae10a9cf394557724da8d5a95a91ff43b9e1a276cd.js]
[js.rbxcdn.com/7b1e6de3affd716b38d2c7f3a067b1392d060ae25015d02177a4b85844c1d2de.js]
[js.rbxcdn.com/5dd353d7403bdca0ab15e23c428b3ce38691a507ec9bf7773f80c84dd9149770.js]
[js.rbxcdn.com/6c39ea60ec56be5df71389cf107745e34be8f3b84694cb25d5feb6dc234203a0.js]
[js.rbxcdn.com/3668b85e1fa275c3fbdac445d65540631122c3cace07409d57f1fd4b32c9818d.js]
[js.rbxcdn.com/b0dc5ac0c220a69861853f497f5e7f690dc4a768b460bbd18bcdb6cc6f08cf22.js]
[js.rbxcdn.com/c9125cae876d5678d4f5a89fe23531d95ab55ac3fbe444b3aef23e52efc85426.js]
[js.rbxcdn.com/5fba4a88de9a37e4a1d62ca30f396bce9a41d031796c61084deb284a70f9bdce.js]
[js.rbxcdn.com/0df8cd9671f7491ebfabcad568413ac5fa22f22c299ef9e8c505f18fa1bdde1a.js]
[js.rbxcdn.com/d86b8ac76c93b71bb863d9599352f6085f296d30c0b0ae8139625bbcd6a25419.js]
[js.rbxcdn.com/f7fc393e4f0f15e08bd682d02f7549f71b1c09bb96aa78d65728a2c4309e3dd6.js]
[js.rbxcdn.com/f69645a262c55156b90228ae15005f7d6a677ff70183c6818b9534fd19ac5f83.js]
[js.rbxcdn.com/0f4fec08343bc2e270188e71a54dda56939164b70a17a9fb0655989603c8a89a.js]
[js.rbxcdn.com/1ea3865b97061ed500df3cef2c3e3354f63c9ed6bc13a81af95bbdb3ddd253bb.js]
[js.rbxcdn.com/0dcf101f1c9263155e09e1b1012bd70040ac00d34a6b01d54d0fc3b0eacf1c9c.js]
[js.rbxcdn.com/e8468d8602c71a12260654c629650f7c15f49e5167d7d9a3c24ea378af2a96f9.js]
[js.rbxcdn.com/032e5edcd6c5bd0c9b4c66a583aa15002aaa20fd34a393e0f743d0ed8d9435fb.js]
[js.rbxcdn.com/8bb38ec1e04185243b6b6e43f6fcadeec4dc71bd7c8291fc79b3132621a7cfff.js]
[js.rbxcdn.com/36126f2c49b9c9ebd1f71b52dcadce2961d90a7eb7203f0c72f2826f365f0603.js]
[js.rbxcdn.com/b61c496ad0f03022ec048a17b56773d748d3b5ab8770c9abf42f9d79d23fff9d.js]
[js.rbxcdn.com/d06b649f9d90df60a6185b4b19daeeeceacfaa5b4f89bc77873546d58474e996.js]
[js.rbxcdn.com/31f67d568867419c82d71aa204725c0c90d4b779d09b56f63149582b337a54c8.js]
[js.rbxcdn.com/a182c6f328f42af9c509053cb0a893edcd9b8473aea4cefb9c1315f5b9f90923.js]
[js.rbxcdn.com/5232cd46bd6ba8ca852187eb998838a2b2ebb307827376c3610074e306622005.js]
[js.rbxcdn.com/4d07e1968e0963e1b01c9e0d221a42696ed67d4ac013c91b3d7556ffa2aa9173.js]
[js.rbxcdn.com/a47904ef4d1c32cdce7f7a1d2f75debd2f32601b8838473ae0873adf82b8f5a7.js]
[js.rbxcdn.com/660e0e2b5c3e420c62d740726e7cfc04d1279e8a13cb924f0e7649a4942498bc.js]
[js.rbxcdn.com/ee488b5d00dafeec0a47d1b39e254031632f4a4fcda3e399197f06e9ab2a8114.js]
[js.rbxcdn.com/4ca2f71c9fa6c1a5dd07b07bd75a0c8568e83004340c6f6cbd5486a20af4e463.js]
[js.rbxcdn.com/936e553581c22844cdd2c960816ae799225a4a981a7a06fca90995d0aceca5d7.js]
[js.rbxcdn.com/b36c332b68aadb1fba99dde211d7469aa13a4cb13f4bbd3e5203015c698aef86.js]
[js.rbxcdn.com/b2c58ff0bc96f3b050e08c31c6dab9f115e143d47099f673d69cc6034e2ab5a8.js]
[js.rbxcdn.com/94386fe7694e4843f7c5884e9b19763c279b340daeb6e2c6c6fa1e6518bbc966.js]
[www.roblox.com/id/login.html]
[js.rbxcdn.com/629cb8696cfd7fc94388237a4c499ee6.js]
[www.roblox.com/it/GET.188.delayed]
[www.roblox.com/it/POST.189.delayed]
[js.rbxcdn.com/74a4f8a0039e34cbe278bd1a49176de4.js]
[www.roblox.com/it/Download.html]
[js.rbxcdn.com/c43e2f06487f81896e5af161c4ebaafea4138ea95c03f240e3737f4edf4f786c.js]
[js.rbxcdn.com/075b52951204d5f61388c601fdf8596c3d007735a16151a3df043eb83a6bc82a.js]
[js.rbxcdn.com/db505cb318e6e882dcee325a8c7d59016bc165b59088f6a0c7083be26739c24e.js]
[js.rbxcdn.com/988fb4fb25e991586a6e87b33fdd4370d4219209c58807b078de005d631b3e0f.js]
[js.rbxcdn.com/d1155c5e7aad9e69b6b2ad19e49b07bcdfe436900f02185c1211979f315fdc87.js]
[js.rbxcdn.com/3a4a0824aadf30b3e2da4836fd5a9ea9bee77ff6359a5d6c87331d16be33f482.js]
[js.rbxcdn.com/365b86d7414b3208f01fb4571507b5d0de2ecb5be615e73885113331b15dd70d.js]
[js.rbxcdn.com/6b600e4821ee4cb0c396adc1007031beea0f7d19123ca5946b8bdf6669ecfc6f.js]
[js.rbxcdn.com/92ee87e8264d4206c3ef9d451769e1ff7117685acb535650c058a34cd4d6fd23.js]
[js.rbxcdn.com/c3d796cdbfce3394e65be41ea5ab41073ac0591770ff09ae7826bb066146fc2a.js]
[js.rbxcdn.com/46d751a3fd064076c156cd9cc2c758ca7a840ac22b66958755de48045f1b5a86.js]
[js.rbxcdn.com/113f3df0c4c5dae8cd9ab7ac5b43315474723739e055f4ce64adc6485cb96666.js]
[js.rbxcdn.com/08be35b3341037ac92cc55c84f0baac4ebe75823d8c07079603fd79ab1800985.js]
[js.rbxcdn.com/253866f7e33a8c2629cae0acf234cf934a0465f0abd003758618722b13051ae5.js]
[js.rbxcdn.com/a8b4d841d625ae5819aa4c7f52a4e16b8af0ca3209b394712ce890c3862b6929.js]
[js.rbxcdn.com/d6ae79651a3d5df3fa2edeed5b7cf508cf28afc2ebd1903d4e1f7eba31659515.js]
[js.rbxcdn.com/d285823319e1ca953fd9c04ac81fdbd1a9452b202fd7072339e63c248a32e101.js]
[js.rbxcdn.com/ea1d56707762dc61ecb955741e92e59490dbfe51f155b2fe9b4448deaf22332f.js]
[js.rbxcdn.com/6c3090fbad407791d36d24bf5754b2102c3ce31b656917571fa05cca115ca52f.js]
[js.rbxcdn.com/e653447a45eec39e21afc1769ad766b32853b067a2e59207339344c7e24d4e31.js]
[js.rbxcdn.com/3a5e848c091d43c6dba45943cc39adaec38056d34bb384a5d87c9889ba98c670.js]
[js.rbxcdn.com/148a2d840a7a8df3aefe37338d8f9611e7bfaf30bb95282eeb008d575295eb25.js]
[js.rbxcdn.com/70432ed27148f21003fc16d4eb8f808dbd468f5b3ee628ae5ae42ea8497526c6.js]
[js.rbxcdn.com/60cc4bb0ffc0eb4da6523de356610459836316c5eea32fd51fba12091b415e4a.js]
[js.rbxcdn.com/98a3ccd86b28a3eef47842e416f75d30023460b31454c8394f0c624603f37fb6.js]
[js.rbxcdn.com/de966cc5f3b32c3bc897d5af47b54378aa4079ef59de12519c757c5d5b723a3f.js]
[js.rbxcdn.com/a81e22f0603f8375f5fe9d70ff864497015579b4999ed4da440b2a6b35ee2617.js]
[js.rbxcdn.com/9face4026d3649ac284f95e02a7b008c9b2b2722da84aea61b8c291a0358dfc3.js]
[js.rbxcdn.com/29a59ccaa3bc0b9f2bd806ee171912e072b590a998e1409a8cffa9ad72a17af4.js]
[js.rbxcdn.com/b13b55bed06cc44f385ffe158da338d450dcdd2e4a42a9fbeb72ad8f2f607db6.js]
[js.rbxcdn.com/dceb94ff987ab7fb128f84c8fb63a5da9c18e9f3c46c9e074816f922c00fde9e.js]
[js.rbxcdn.com/e30fbcdfdb84eed45d2933e446403042984e765e94c92fb6d2e8ea1c675c4abe.js]
[js.rbxcdn.com/b7f5ad276200d76ee1e27cbeaad8b0db8efe62488a162d589d54d7a1ffe9a83e.js]
[js.rbxcdn.com/9f101166531828734e3ab81465b3b17fa1dfaa51eb75bb60be14e1a65aed2a08.js]
[js.rbxcdn.com/ab25d61fc4ad5502b70ee5c970c9a083c8dfb8013681db746ffeb4d96321cb87.js]
[js.rbxcdn.com/6bdc5ef0d3ecaacfd788b92f92cfba74de9523185f228e1843c43945e4255e0b.js]
[js.rbxcdn.com/34bc3999353eb64d42809f6aabce45b00e407f1c79a99db9c4ceeedecdb07a35.js]
[js.rbxcdn.com/4fe8a493ca79eba764ce234299f01a4bc62493a92a92e77d8ac4d9a4c2880fdf.js]
[js.rbxcdn.com/3fa5513de03deebbee35959d835781fd35f9edf432fb458b007cb9ddf3c41ab0.js]
[js.rbxcdn.com/09f8d26036196fbaa1b977d177595bfa3e69868f1613c4dd6b11ed6dd6dec7a6.js]
[js.rbxcdn.com/136c274bc9bb37adc2f31525b5b3721c2894d4240c9e06bc4b56dea11ef598bc.js]
[js.rbxcdn.com/d45992168597029a9ff90937aed39f79e04fb3fbe91492bcd0329ab10146a3ba.js]
[www.roblox.com/it/login.html]
[js.rbxcdn.com/e64f9f9499ad281faad5d46060900f4f.js]
[www.roblox.com/ja/GET.1b9.delayed]
[www.roblox.com/ja/POST.1ba.delayed]
[js.rbxcdn.com/893e79b5b3e0f359bd55877a3c41e408.js]
[js.rbxcdn.com/8a90efc2cc9ae17bf30672910b562c6e7e90e6e36052ae412c63640c788d89a6.js]
[www.roblox.com/ja/Download.html]
[js.rbxcdn.com/798b9b2c9e5e678dea633dc3b40f52b300b4a60a51075fd5e9e0fb3779b8be11.js]
[js.rbxcdn.com/0b0362fecf4d01aac11ad2e9bc0cab7aaeef2c5616b032c900f6ad39ec77ebad.js]
[js.rbxcdn.com/3a667ea10a04ace608a5885b9314e021a2af31503d09a48e6ee2db1ef0883742.js]
[js.rbxcdn.com/f5e5f7ab0f0cd1af60f15499012227f62e08d8514583a0a9e01584592a4c340e.js]
[js.rbxcdn.com/ced71816fb951146040b6c3e4aa3852ef5b1902f5aecb6b59dba858839cf33a1.js]
[js.rbxcdn.com/057c8172621a564502ed0f9f95ff2bd9d3e5ca0df2543f82e702f2c3fd95db85.js]
[js.rbxcdn.com/2452159ee4fa56e18fb717d97e4da32f6f61d8e074ca777ee7510f54e2911e45.js]
[js.rbxcdn.com/06d5bc43eee8b7f3c75a761e2d56b498d48da256b5974d0c1208ee420807bf43.js]
[js.rbxcdn.com/e8eef99f5cc8b456d8519dc074848d5af5afa15be2ec308e2e374992b935bedb.js]
[js.rbxcdn.com/e1b00a5bfe8f4b2bcc48223839caabf5625fbbc0dd2643170b7f7e0cb6ed33cb.js]
[js.rbxcdn.com/33b48d8d27247e04b7b89f3d3197e2977234da49da0e45417de197669ae4641c.js]
[js.rbxcdn.com/723926bb9c48acbc6f71f4cb87488c48d7715fa257d89c8e3d2bd593c249ded4.js]
[js.rbxcdn.com/2900b14efa68c2491d93378abbe4e5b95add54cac39390f869ba80fc3eb00f8a.js]
[js.rbxcdn.com/80f7ed201cb1fb597676cc733d3f634b47bee1ca8213c7426656b629fa58650a.js]
[js.rbxcdn.com/2a19a6b5610909fed850af226419bfcc50ffb78478c9d61a7465b72f8cac3390.js]
[js.rbxcdn.com/28d1f70fa857748b7d7c5c83ac130d729831232724e24828eaee79dd04e01fee.js]
[js.rbxcdn.com/a1d927f9e607515b57fb0829ad6c31acb55b95dba3051e4986617017ad14cdcb.js]
[js.rbxcdn.com/28a2a1a1c162bbfa271da44e79550736c3323755191e56ccbcc91c319168a637.js]
[js.rbxcdn.com/cb72e33df21929086962ad5ba3a66d66c07d772217457b978235be97b02a5d6f.js]
[js.rbxcdn.com/5531557408cb953a0a08b7af2f850d8c8b74f1bc285116c50411e49746143884.js]
[js.rbxcdn.com/d55215bb098908a3e63272fd8303694649837616c074544a3d445d91f7f01a00.js]
[js.rbxcdn.com/a07b60611664f0ca9b4d4d6706115fd5867bc61590f445659b8eac5b6a68df98.js]
[js.rbxcdn.com/4bf1856ef849caea227ed0cccb6e9bf99b74ca4f43f31bad4056e00c3097fed0.js]
[js.rbxcdn.com/4ec37e41945d335ce0fb78174ab9f8a9d2af897d267e972821d1677f3b1e08f5.js]
[js.rbxcdn.com/710d23dc725fc37069ff64091d9d7a0fa734501e6d8f7883209094d39419fda1.js]
[js.rbxcdn.com/c68c1cbf2e28404d1f59095e0ba27369641e3cecdeb0b878f57643dc3da44a3f.js]
[js.rbxcdn.com/70cf452780968e92ac27ca94bf08a1a43aa18bb78d34e72ec2c26b90013ad317.js]
[js.rbxcdn.com/9ad712b846fc53e31b15e625da14e94672562e9f46481ec075c82ea1af76f147.js]
[js.rbxcdn.com/d0cc9ca29ebd4f61e90ab226019aed921e5d12bf6ee56dae4c3c37fcdc8a01af.js]
[js.rbxcdn.com/9e031014403ac624f95de1b287287fc9d12718fd4b908c45608bedc4ab8466f0.js]
[js.rbxcdn.com/dc4c0e6a00dd495fdf8fe105e552545164c71cf594a795982476b47952a21a21.js]
[js.rbxcdn.com/187b2bc4df3855d3d6b4be1ae3e5eeab5775c1960c9dc91f0cfdc90ad99c1466.js]
[js.rbxcdn.com/9808512c4960754b07c9c80d88c26738236b63c5ebbaccff8de717527a7d324e.js]
[js.rbxcdn.com/2e85691f3426bfe12b61b0d3cf1f0335c61f2b72d10343c5c93cdaf1fd8c5760.js]
[js.rbxcdn.com/044a708f5c813513c5ecf8158dbfecebc7907eae064ee866725a8f05276072fb.js]
[js.rbxcdn.com/59f0ed3659e7a47fa95dab399d74bdb29d87fbedfca5d28f0a1b2066f1b13d4a.js]
[js.rbxcdn.com/8b176c6092ecb1987ad7a81a527e8d65678152532a1985b39a2d660bb559ba2d.js]
[js.rbxcdn.com/ff0ce5fe189dcd888b563f3aff0d9587eb661b0884807c310bea36fdd24a3f1e.js]
[js.rbxcdn.com/bd68a0c29fc29f4dde1bd001f46446c0c181349e27ea6441baef9dbfa84809c7.js]
[js.rbxcdn.com/d7787a753907e56ffea57947349268a946923244942d673a19923bf041257873.js]
[www.roblox.com/ja/login.html]
[js.rbxcdn.com/862ce069ce3fac1f316a03e448361bc9.js]
[www.roblox.com/ko/GET.1e9.delayed]
[www.roblox.com/ko/POST.1ea.delayed]
[js.rbxcdn.com/90a34279ba760cdd2c2ec31f51be42f5.js]
[www.roblox.com/ko/Download.html]
[js.rbxcdn.com/61da1a93f958f3dd5e44dee644bdb2ce389a442e17b65313e33088a3f4ed4462.js]
[js.rbxcdn.com/1740efb833f30f61017859269c0e2f489e174024cf72ebae48b6feb247a28491.js]
[js.rbxcdn.com/cacc8694359797b9da38e902bef25aa8a2352774b8a194271b4c0ef3803c82a2.js]
[js.rbxcdn.com/1c55debac89319672c484194d58c370b9460f99322966f5529ab6b4ecb0c2a18.js]
[js.rbxcdn.com/7571d6a2ca08253e58827b48b19dae746b5833b51dde9202b516f70cd1dd5af5.js]
[js.rbxcdn.com/62131891f7ae3657820caeb1b587ab907eb80c1c8de68eeb930b19be59366809.js]
[js.rbxcdn.com/2f4897384945b991317fb8246451b1f8f8cc0e35f6b00a8f357cfab358fa719b.js]
[js.rbxcdn.com/261d66affea60c9eefdbfe308023e755ad1d96691022b5d95a1092dc77baaf1a.js]
[js.rbxcdn.com/3704e8bef5f30f8683b656d3c34452f266befc96a78357f9bdfb99921945eb42.js]
[js.rbxcdn.com/26c259d16586f761d9c15138cdce1bd935774a0d4c9a72f9e397b18b145636b6.js]
[js.rbxcdn.com/4be3ac039b579d88e515b26b00d3ff46dac1b9010b62c73c7d6618ecc27c7b8b.js]
[js.rbxcdn.com/0842f102557091114ba5d3a7014d47b619220827f9cd09c5fed9a45907de5a62.js]
[js.rbxcdn.com/81f900bcd52c7044b68e317f1cbdec047a98eda725e191ac851b101d336dfbc3.js]
[js.rbxcdn.com/fcc7a62fcd7c2d911728e312477a27d53a6c769724a0b4c6d425d6cc98823772.js]
[js.rbxcdn.com/35854a95bbaf22e5b071204627f109c92f4e386fbd809eb3bbcbe57aaf1cc8a5.js]
[js.rbxcdn.com/e44e7f90897d526087ef2c9869c7529487587b55a15e30ae3a60a74040bc699f.js]
[js.rbxcdn.com/a61ce46f5fb4307e7e9cddc78ad934cd69e7bf2a2354017b024848945998b169.js]
[js.rbxcdn.com/d800628a8fd08ec22033ff546469b24c61b87ef19a820c3506d0ed2020c9ed2a.js]
[js.rbxcdn.com/8c481524b8aa15c0ed06ca1afa31b5a7254104ff844fe8620274ac2178206d38.js]
[js.rbxcdn.com/8052fc355739c8838b24609698afc6e693a6e4d708341e085ba38641b00337b3.js]
[js.rbxcdn.com/32e12789ccafe596d625079d1b7080145d81b1b0ae3de85f760f71fb1eb3048e.js]
[js.rbxcdn.com/2a3c5e65c45b7d02ceb26f4507f7c45de0db586687092983e8b820356bccb81a.js]
[js.rbxcdn.com/00e615c6b4c75f0e3df6781a269bf2ce0c94e1eefc067571b092f8f659ba0a76.js]
[js.rbxcdn.com/d8fed9e9678f41a1208314b5b5a5973521076483d348cfa2fac1f16fdd170416.js]
[js.rbxcdn.com/bc22ff8873f8ebd2f632dde3c36bea0657e5ab7338e06eb27a50e77514745a2b.js]
[js.rbxcdn.com/c5a82e9cde1686a36315799408ca635830218f6a4dde103c4abf707e7f55a6cd.js]
[js.rbxcdn.com/41b331efd7c24a6a1e815202903032ab16644605ddc877c978a84da6c058a5c3.js]
[js.rbxcdn.com/9ee361f3ea2f4090a40ade300e7c45d142af563791c1ed6b37cccf9a7d512851.js]
[js.rbxcdn.com/f45f3bd5068a5e897729c6fa6880ad80e5cf12d97f9392050e5c86dcd1d56f0f.js]
[js.rbxcdn.com/bac39c3d7adc6e632ccf7bb5114df46d537fdbac92df160bb82e74c0b546a5d8.js]
[js.rbxcdn.com/a9d763d013f1c14fbbbfcc6fa4b68bbaf67d93fe16e5fa68298951d94a7a076e.js]
[js.rbxcdn.com/d9c8bf45bc001638faa23c51f70c5eed73470e00a986df7e923c32b9a48352cc.js]
[js.rbxcdn.com/96aa5f8c469dbbf5fc38150a8c2a165b8e07d378ff525bdaded6d65cc228c3f2.js]
[js.rbxcdn.com/bebf5cef2964591ee53981c0121a247f70f0b66b9efee0da7d11e6502efc5986.js]
[js.rbxcdn.com/681f543f2fff857a7baa5c4dfec62c543b70e7440d4ac94a3b145f41402725a4.js]
[js.rbxcdn.com/f396462097c6bf6545d0d50892c91daad3f85a4abd1669a36cb9a715131c2617.js]
[js.rbxcdn.com/279fda262bc244eb5072c599578049641939a3e422c0cea7288b5dc24d88a07a.js]
[js.rbxcdn.com/3d739f6788f38663cf6ef715a94bffbe9fdd595eef085e18c0a268b18bb2e8e1.js]
[js.rbxcdn.com/d070a3687954e499f74f09c7b96a4cc240a83afc75933acffc255327b0e6fa4b.js]
[js.rbxcdn.com/36704e20d27e32742bd9fe18d31aa7fd873a065178e89499fb5bae83c89c2dfa.js]
[js.rbxcdn.com/55936c5c38aa79663a31b536bb0c6f465e8998b303d27358f5f19965a74dcb4c.js]
[js.rbxcdn.com/2922401b4436b82b4158fd5cb4e217e8c9bdfb446c255d5696db840e6e518f56.js]
[www.roblox.com/ko/login.html]
[js.rbxcdn.com/51e3c31f3e9aab7b4680d6a36326d0fc.js]
[www.roblox.com/pl/GET.21a.delayed]
[www.roblox.com/pl/POST.21b.delayed]
[js.rbxcdn.com/b4f13f0c335dba3f720c82b9e7d88fef.js]
[www.roblox.com/pl/Download.html]
[js.rbxcdn.com/43a3df294e50f5527317c7ddf89c54ffb9234632f314c32ebe6b12e657461e7a.js]
[js.rbxcdn.com/9f0cb03aae6c2c98087d403441f49daa83179f204a850eb73e7275b5e0e95258.js]
[js.rbxcdn.com/b9d5c6f800332e2aa8f7c51a0570f3446d45b02da99b4e57fc4806eca90d1b7f.js]
[js.rbxcdn.com/edfb6a03f3e212e248792fa579972589281b28431e102db3fc62429972458458.js]
[js.rbxcdn.com/1fa9791065747a7034887be2a7e0a761e5b3a5d7eb66f5af02994856cc6118fc.js]
[js.rbxcdn.com/5f485f61d20ee4584617e60d610b413acb397e1a2eb87054b638d3c47a7d98a8.js]
[js.rbxcdn.com/a18eef03595ba7815e009409b7583d08edf1be3959ea68775b650e1bc5aa5d98.js]
[js.rbxcdn.com/6f6019dab250d73bff623d3996bebae275c5a701cfb3cce8fddf0342b76122b3.js]
[js.rbxcdn.com/f95e06c8983619a63b4837525a00c327265cac9023320de2e62f0a0a97e7bc45.js]
[js.rbxcdn.com/2bb728c27f7a44a594e4f333a823026179033fa30b105638629e640eba318479.js]
[js.rbxcdn.com/8c0a348778917e499d85b3ef9ca0a3e5100ea6c71f686a3b08d557288f7004e5.js]
[js.rbxcdn.com/8e73df48f5efb95a46533837a9d14553493a9169d6bac0eb437ff613232cb53b.js]
[js.rbxcdn.com/36091f9ab2b4d0cc91561be0748a7e946daa322d664faf7ec06e0f41d4ec2dcf.js]
[js.rbxcdn.com/0ede667c5b19e3914576e8dac11b9c4cda0330c2d0e1219ce19073dd15c76964.js]
[js.rbxcdn.com/13749bb38f71cb34ed0ffd748e735de2c4589eb1f6150f00735ae0338f383bab.js]
[js.rbxcdn.com/5b0d1120de5819a665c0739b6b954c69e1fc271073848c2951d1740d0d696034.js]
[js.rbxcdn.com/6da8ad4c150f0f1bf96ee955670e5ba2567f3567e4198d29cd2fae6ab278dae0.js]
[js.rbxcdn.com/fadb6b1eca2c6ce853220b4031fb8f3fa4b54df96f83381ba64bdfa3cfcf959f.js]
[js.rbxcdn.com/0e98db3a29d782fc1c166de7071f797a65552cf56f7f85866fcbbcdeaaa8bb6b.js]
[js.rbxcdn.com/061133614c8143428f48bc2afc7d23906c2eaa54ec9a18346d94f0536b30144b.js]
[js.rbxcdn.com/378a44138c91d7416bff70265a24835556bd5ec360465314005c14d67e378c15.js]
[js.rbxcdn.com/e19cea4651b07b04fe63bc1fcec0f99337430edc349d8010e58272f4ab1333dd.js]
[js.rbxcdn.com/51ce4df41896f5e4d3f5e5d279ce798488bbfdba8815a00f63058566789731ff.js]
[js.rbxcdn.com/3cdf09ab1a6e309df2294107fae6fbca430f8fdb2cde1bc696a28e526c180afb.js]
[js.rbxcdn.com/1b85dc6c59eaff30471d5b5a340b44dccc7c080f4b1d89f12c170db1e1c2aacd.js]
[js.rbxcdn.com/48f36124893e95211cdd531a21da3c69ba21898268e2d68bea7d7d17def3639c.js]
[js.rbxcdn.com/43b4c3c616fd833c60a04e88844607d41dd4a0ad8858d839486079946687c6f9.js]
[js.rbxcdn.com/fae53fb58f23b6dda7f422a8e3d2efba7521177e5a231529430f26a7ed904226.js]
[js.rbxcdn.com/1cc36139f237da0b4d1eb37032bec4af58fedbf9b5802c91d8439a2d7f854eae.js]
[js.rbxcdn.com/4ffe8910d26d776c30f0ef6d6630ae6afbc47d8125b5f6c449a1caccd9a2ce0a.js]
[js.rbxcdn.com/7ec1ebb208ce2dfc01a862d427a88c2201c75d1ea93d55c7857b9b2a4bb8b09b.js]
[js.rbxcdn.com/c73c01edf7a3c6ee85449c2815ce22754dd664f342a74beb662e995c4e5424a3.js]
[js.rbxcdn.com/d2f912336add3216a0f6f2df9e38b5cf74ee98eef65cbd16092d8fb75c1cb80c.js]
[js.rbxcdn.com/1144b282779d3ca9fad3eb5538a281783927ea21407143037fca25fe11017b59.js]
[js.rbxcdn.com/23c80cc01bf73ecd2bb4ae04b82c96bee23ad296207f0f12a7d3d55859b26ad6.js]
[js.rbxcdn.com/8743413ad92a871bf2466934ddef249d400f75fbf00e3a38b3f1511a37bf57ab.js]
[js.rbxcdn.com/c8aa6d16862323f373b09472b0e21c945acaf1e3ee6cc50623d8b08efb4bf2b7.js]
[js.rbxcdn.com/16f0986a06062c0823f0052136e751dff0b9103ec315c9f629f52492ecac8acf.js]
[js.rbxcdn.com/bab72b495a158abfdb366a9ceabcfc7ed473c19db9e20012aa63c37a4d51cf7a.js]
[js.rbxcdn.com/7592c79a1530ea5967131352e0c92ee355d18f41f02bdd86ffbc52f7872c1bde.js]
[js.rbxcdn.com/1cc817987bbac5b97db911ccbb64b35fa049b9777d9df18bcba4579b3dfa10cc.js]
[js.rbxcdn.com/6940f9845a8a16e06893e786a1b27775cc54907a8f96b134fc6d5d01670bfbf2.js]
[www.roblox.com/pl/login.html]
[js.rbxcdn.com/95e9db70588a158b84397859347de5a2.js]
[www.roblox.com/pt/GET.24b.delayed]
[www.roblox.com/pt/POST.24c.delayed]
[js.rbxcdn.com/aaa62192ee9719f7bcd9b94946a578c3.js]
[www.roblox.com/pt/Download.html]
[js.rbxcdn.com/370e46fb1c8bfd11430b55f24d89cb3671b72d72c47c5fe19d47b62d88353071.js]
[js.rbxcdn.com/6ebc6a4b341c629841334e5f07bf69768e958f2bac9bf3ec25d715149d3d8d8b.js]
[js.rbxcdn.com/e897c56ee9e4cae2393b3b745c5ee7307d97de885dd5ee0bf6b8766193ce83ae.js]
[js.rbxcdn.com/fb2486d6bb6eb130b645cd0c73d6aa1ac17fc1474659936abeec87575063c52d.js]
[js.rbxcdn.com/a2ead687482159cf0d72219853ef73db330377ff23bad5feaebe158f914fd0ac.js]
[js.rbxcdn.com/b8c1a90be40d3d311cc3d86a76918faeafb0e36c63a60a09c1098b82e1462f52.js]
[js.rbxcdn.com/f37b2096e26d78aaf64b063195649475c98e4267ccc2427a0aac10128a338c85.js]
[js.rbxcdn.com/cdb7121274c47696b7875d463aed9ebc8c326e666ab3f5dfabec9bea873c3171.js]
[js.rbxcdn.com/6c536f2e351653ed1740ed4ef965840d38b88bd0379f0ec2b9f45c0c6e20960e.js]
[js.rbxcdn.com/925f005a3f12f490398629f07657ff262e88f6e0f83994b4cb4c519757f5e78b.js]
[js.rbxcdn.com/432aac35323773eb78507cec3758bb6c7aa645ceabbe7345de9f28424b848405.js]
[js.rbxcdn.com/dea5c6984790c09c6aacf9e31fbd34d71021c062ecb07b7b4bc327bd1a7031aa.js]
[js.rbxcdn.com/8516810789259d6ccad0c5ce6af6ef94fb856e1f70f03e176c90d06fda5760ca.js]
[js.rbxcdn.com/15810174fb03e738158f354091597831f99ebf559d905786758f563c0dac16f1.js]
[js.rbxcdn.com/c0a71298e36b9a495551859878ad714ed578c962a69b01594029e0c67019326c.js]
[js.rbxcdn.com/bb227439dc2c4595c53ba9ed8dbc2a41214e8a45944a6f4c521bd6cb0c55ee12.js]
[js.rbxcdn.com/5db52cbc9413368076fa6911e5297c6d691625fd5a4c7703c1b9fcad3ad0959f.js]
[js.rbxcdn.com/50a1ff0d80f2bc9e9d42027c15566625002343769db4d87f0b4362a7a943bd73.js]
[js.rbxcdn.com/bddfe84b906170db3a31044251f2ce5c006688e30e25f05ba6199d149798c13f.js]
[js.rbxcdn.com/9bb74c2496d74c4e7b135c53f9c79eca05007c862442075545002a0062981576.js]
[js.rbxcdn.com/3aa9953250d05d1ecee833cc7dca6fcb36cd467c49c2a25005b6a5addb7129fe.js]
[js.rbxcdn.com/63c657a20ecf879b87df6a3801b6eee1059983f6dca0f57929d9c078acbe0b2e.js]
[js.rbxcdn.com/e45cadfea5cfc7c6570971be54bdf7ca375c52d4540595703fb396957b33b510.js]
[js.rbxcdn.com/83fda372376fdb7bddb2377d8f053e65643765fdf19e1ecba20d4986053f17e4.js]
[js.rbxcdn.com/713170a7075d9fb4034eedf9656ad1193091513e170f6bca1ab52db7a7c350fa.js]
[js.rbxcdn.com/2f6211ec860a7fe1c8bc9a997433ddd126b7943cfe8b89a6c7dc91b9f1810c52.js]
[js.rbxcdn.com/01ebdc99b60791ddfcfe8ea1c55f4b2651749d807ffe295824153b17b72a9aff.js]
[js.rbxcdn.com/5c4090069abd7ca2aa3983a7d51fecd9fa2179a242ff8df685d2da23dd9b2f3d.js]
[js.rbxcdn.com/3f5c1d9923dc1cc162e895ad523d6bb7e3f24a3d4afc7529f8a82d6e50a1c945.js]
[js.rbxcdn.com/daa44b2fb8b829260bdcff2ecfd9620c6ce3b1f75560ff75fe0808ca51c31961.js]
[js.rbxcdn.com/f8f488a2eba59207b265d34a0f38931bba030c83c96255aec015a81b5f254fb6.js]
[js.rbxcdn.com/17719d3438c7b9384b9dbf3fcef407dfb6292370de8e18d5dc228c082f2b4a95.js]
[js.rbxcdn.com/f6b2d7f321b3f833ef1b17d93aad1b28a0edcf3c7fa48b9dfcd2a348bdb659c0.js]
[js.rbxcdn.com/efd55a344817a19cf168715835b23b8112191e1d0c17035db848466a2298ae8a.js]
[js.rbxcdn.com/31e2f7c74fd6514b1be0ec6f31c402b18013fc9757eb0030a7be0cc63821ff2f.js]
[js.rbxcdn.com/4c148a699c6cd3f92b6a14130042f4be5a37b17dc5a0eb3293a186c73199102d.js]
[js.rbxcdn.com/0680061e467eac089e0c4accd506e5602c2ccd633299ece8af38de053e20470f.js]
[js.rbxcdn.com/4975fd0e586c9caf2313ebec5619d9c1ffd309986ab12ed1ab54c0bfb6ca0b84.js]
[js.rbxcdn.com/80de1963687497f9fe5b0e4acc9cf1a61a01bcc3434235a47d93de35546703c6.js]
[js.rbxcdn.com/61e86a478c851913b9487ff344fbc4e166df0d27dfd921091ce4ff9a397e4135.js]
[js.rbxcdn.com/13446e7d673d52b25049f26f3ab568fccb1918624cfd029f2196a552f7e20c0e.js]
[js.rbxcdn.com/7e530849d54cc6afe10b07f3f1b88e05cbc15bdaec396b290662b43e06d6a0d9.js]
[www.roblox.com/pt/login.html]
[js.rbxcdn.com/0884f5af3c8b4aff219b9d75f44d6794.js]
[www.roblox.com/th/GET.27c.delayed]
[www.roblox.com/th/POST.27d.delayed]
[js.rbxcdn.com/076965e2a705d67258b6d90d3514011b.js]
[www.roblox.com/th/Download.html]
[js.rbxcdn.com/ae930b8df2e824c67a0572f00f6ff8d4bf0da5d33bd4683b1a0963cc5f8be4da.js]
[js.rbxcdn.com/4435510187bd76492a1b497e8981952a9ca346161236e1fcb264e97df42a9489.js]
[js.rbxcdn.com/c8c0d29cb65f103928cdfe2c7d7f0c18f4aa479be740d12a0fe6d51e8a336af8.js]
[js.rbxcdn.com/2b4411d7c8f6d83175e6184b1771401fedde85fe7a184e658993abed4827e5d1.js]
[js.rbxcdn.com/1d209b159810149ac26fd32bdc98ff8256acee29f0cdbe91003d7541ad5b0a7d.js]
[js.rbxcdn.com/a997da6d214e54d59b918e90930705f7c551122dd4dc90d546ba7cd5e7a0efa1.js]
[js.rbxcdn.com/a69afc9c3b52b2c2496da62fba729b46f9d7ffdbec30aefb89b46172d3313f04.js]
[js.rbxcdn.com/8390060616b4a43f158ef95bb4e62ca538e9f9b045f795bd404afa9f69161dd8.js]
[js.rbxcdn.com/1097c5bb41b8811bdd4300dd77a56bb7e86cdd070897ee6ea3f744a6efff3e5f.js]
[js.rbxcdn.com/5e5b4c5436711277f47a066829a998de436687e0c12917a3d81ccf30d860fd25.js]
[js.rbxcdn.com/9b47b4bdbad2524a6d948f069007a6e9fba5865e6e6fb75d05fdb3491377d13d.js]
[js.rbxcdn.com/0bae2836dbd73c216db1146878672aaa6130cddc20a52a79dda9d29b162c9497.js]
[js.rbxcdn.com/95cf41550b7ec508ea81d86792399f96f68f53615b3f4bcba52e681a00c6c66d.js]
[js.rbxcdn.com/599ef61a37bdd6df50d707f61878f63c226d080a7dcd4360d4c769c688aa0a4a.js]
[js.rbxcdn.com/88c8b2aacc6767d530577b6dfcfe8dc718ab9dc177bdac68be16c12db45e54c9.js]
[js.rbxcdn.com/7c054aa7a05ba6a965fd3d9f715615a77e81e4bf975f82c13a05f6e1c1bb1a06.js]
[js.rbxcdn.com/a1b7e7d1290a2469e43ea96427b12ecb8aead6aa9afc38f23c3d05bd95df997a.js]
[js.rbxcdn.com/39c1fc278beb122b3ab0e18ead8bfe47cbb1449c043a2d24b9cb0554db307ac6.js]
[js.rbxcdn.com/90b0b56d61ee62bc8724bb1aea7c1c8b2e7cc8f778a8d3b19116de503ae686eb.js]
[js.rbxcdn.com/032601c12fa40919353ee08ac62318ec79752791153b04d0352f43479ae10c78.js]
[js.rbxcdn.com/08763e56aaadcf97b07c5ae9ebe6ebd13c7c4e84e134157efba71a97a72ddee7.js]
[js.rbxcdn.com/da7155a928d99388f2ef18dbbc1d27b97f8291752e0c20698201569030b3ff96.js]
[js.rbxcdn.com/5860c984127353ec356d0a6bc2f7eaa2ffbe1cfe738d7aca92635332ba42ae9d.js]
[js.rbxcdn.com/0a459a341aec577027c0741654f9e22e15e5c496d027653c3ba2ad6237f2bc0b.js]
[js.rbxcdn.com/d7056cdbd083752348745d8880166ee8bb9237d3030c7bdbcf32853d1fc6c530.js]
[js.rbxcdn.com/b7355c5b3a13baab25cddf27447ef5926a41a57eb5c8652ead713c6f182f5b92.js]
[js.rbxcdn.com/22e64244c8f01c35003d2ed854dd57ead95820b9637d8f5f480db3ed508005be.js]
[js.rbxcdn.com/ddd8b988ee9134d43ef65a0621f2736a0ee72d1bbc38a8efe492b4af8e975471.js]
[js.rbxcdn.com/1b78eb36cde420e5dc1ff68810760962449c7376e13ad56bdfd724907d41419c.js]
[js.rbxcdn.com/960df6c7489501f8b78a9eb95011d7b76d277ab6de3747786e18a5211cedb2bf.js]
[js.rbxcdn.com/6e656a023fe17c87bb534d8b46415036025ccbc44ae5a473e3f727bfe2b9c903.js]
[js.rbxcdn.com/e805f6ba3bced315fc0870cad58ced268afa24cdc25ea745367a386e1fd912b4.js]
[js.rbxcdn.com/8a30f181a8cee44e3a0985d84f2d9a34569e88a313bdb94aee8bd61171c3acaa.js]
[js.rbxcdn.com/f2e878f7aea8b21bef923dcda1f39886bf5b61010228e1f9f0e2f68e1b9c15a5.js]
[js.rbxcdn.com/0350b78376082c0efde609f721a6bb67557abb5ab8371673f2d5954b425bdf6b.js]
[js.rbxcdn.com/b0b93a8f74388473bb27250d322c8cc6e423ec8ae76641614bb5d76e6bb8b453.js]
[js.rbxcdn.com/b147dc5a612bb34e580e5d42b2732ae8dcb809bf7058ecdf8aa82bb08fad88ac.js]
[js.rbxcdn.com/6d06c470b337ce98c40105bb9ef957b80f69bbf5c2cdeded4c4dda3456364f28.js]
[js.rbxcdn.com/b1280f6420b608d12ddef5293acb5c3644c786584dda4b43435ca6c658c04627.js]
[js.rbxcdn.com/0350d386b3aa6f933c6d000a61da40ed26b18de1a80aa4705a042f46714597a1.js]
[js.rbxcdn.com/2a900c019246fa6b8c0e4cff6348121f61302b496863752b1a26dbba4a329ecf.js]
[js.rbxcdn.com/a9383b3a472b36233a858a16946ec046ac3ba28c4f1248943cc8e3b08bb1c1f4.js]
[www.roblox.com/th/login.html]
[js.rbxcdn.com/045751902cb5f90e376920ca6904cfdb.js]
[www.roblox.com/tr/GET.2ad.delayed]
[www.roblox.com/tr/POST.2ae.delayed]
[js.rbxcdn.com/e09287f253eeb50c10fa5ef97b623b9d.js]
[js.rbxcdn.com/7bac430d45fc8f60f8f37347c3d5d18bc1bea653d92fc2bac188b4cacea6f818.js]
[js.rbxcdn.com/1068796cc54c856dd6b6a5f75ef91099b089d5788a30f956dde2f46e54d5b06e.js]
[js.rbxcdn.com/2d89d6ce2f226a4025197a5cea6b6a3fdbcba43b524ecbbcc28b65c2cb04c56e.js]
[js.rbxcdn.com/f9974a272d0480ff35b74586be2d96ae66f53427d59979677f10d45b4a9a5f3f.js]
[www.roblox.com/tr/Download.html]
[js.rbxcdn.com/288af432c27472ad5d9e35f8e03725fc3499e5facc25d27c9e05ade7f226531e.js]
[js.rbxcdn.com/c537906a6919f841cf6af4f96f9c23f1170eb44b3406726f6f714b53cb921dd6.js]
[js.rbxcdn.com/37480cdd7da3846c3c0a0d5e15b9aca0c552b43329160db7cd8a099e4bd1acb7.js]
[js.rbxcdn.com/e4ac47295936f26ef55faf64a2acb47d0def0b7812517c18b437bb202035b77e.js]
[js.rbxcdn.com/570849cc89c05f429d67743bb006d29df8d0acfc58a7c1f2dfbc5da9eff7a89b.js]
[js.rbxcdn.com/2c0abe4c67756a02500262f541a748af5a12ab854e5671d6d8f6ad92050efb16.js]
[js.rbxcdn.com/fe8f06e2dabf2c4e7f9207d39c61fb98b63c14695998f4b8be78be763b2cd698.js]
[js.rbxcdn.com/f892c9481a3c6fb092a63c347cef42de7796591a6737a904dbc1f519d1fccc2c.js]
[js.rbxcdn.com/f85b6b0e60572a7b5fa5459da2ad0be59e09ab8866563a94e96f082b7777631c.js]
[js.rbxcdn.com/485054ae318d0a03c5df0e3cf148600c7ba47b7beed20cb6c61c310068f513b2.js]
[js.rbxcdn.com/98fab217a32c0767f10fe448f4b4abba61157a6f88516efb4b592fdbf4fd6506.js]
[js.rbxcdn.com/4f7478529fe3945c7462d744813c5d61b01a24757d51c452fa184e7223ca265c.js]
[js.rbxcdn.com/96b6e2485e9fa5356dbb804a709cfe2bbd4a265f7c9e3290fcd07aebd8c46280.js]
[js.rbxcdn.com/2e6293168b029a48178a964758cec4cad2d0e5bb51383d92eb2efedee0f23764.js]
[js.rbxcdn.com/3159de689c088251cdfb488930bea8c6f7948cd9c1be98581e17f71dc54d599f.js]
[js.rbxcdn.com/7ffcfcd2ad55e827d9fb8799a2f804867afb2fb184caec4efb85bf0a04f43e70.js]
[js.rbxcdn.com/8bf18513a8b088ffb324e014ffb5293e1885592bce6992b471b3c75fe111e3b1.js]
[js.rbxcdn.com/8a212ad91c601f50f345fc7002dc0a4c4209e2ea15266dc11e639b35531e32be.js]
[js.rbxcdn.com/50ee301540244ba0fe29e1a3142ff1653af0c60f63b8724b7290c6d6c00932be.js]
[js.rbxcdn.com/172339e28de131deb6d94a1f704a0d479171ea2d10c7f33026ec87ccdc731c91.js]
[js.rbxcdn.com/b698fc9da635ee22396816ce76fe56d1d94743a77269ce3703b4ebee8a0a6007.js]
[js.rbxcdn.com/6a992f7ccddb4a07642b2db7949143c307e376f36e925fccd4ecf286e63718e6.js]
[js.rbxcdn.com/fbf5e9e32125751a1fd23a55babb5340c9ac2c4ea8fa6b4be760da75cc14b0f8.js]
[js.rbxcdn.com/12bdf1f1af9ea57845f626cf314008734cb3ea86c5a51fcb58978d394d751005.js]
[js.rbxcdn.com/9565b1bb1422abc875a1dc85baf3eafcdc7e0d7cb18dad0d4a6f7d4df00bba36.js]
[js.rbxcdn.com/835dbbdd3565a9c534dedfcc1987a84bc30c9c81a9e5ec0d6b43b1dad9db0406.js]
[js.rbxcdn.com/9ff9eaa42edd65b10adbe22943748c8ef8139a73f3abd6a50a869065e6c0448d.js]
[js.rbxcdn.com/50979c83c7f52427f14f731ed529302d9059015b1661354cf80771fe7947eb6b.js]
[js.rbxcdn.com/a521aa0c134f4098a1b59fe5ed30fcb2c18d8a1fb7ba8f2a583b85910ad8e178.js]
[js.rbxcdn.com/738fd1a4898375a99088328c5958252cb66fccf15fb6484b30676538d542d3ab.js]
[js.rbxcdn.com/299d09b14458ffadaa74efa984a34b5061555bfe7d3e141422123d79f567b959.js]
[js.rbxcdn.com/2d1bdb941eeb0372735d6427680e98b00b4c1e72f985c9844e2ed98701a5a390.js]
[js.rbxcdn.com/0202c2d581d9e18ece4ad1a76ca7c4d25db4683a33c1f8f7b3d9628e892deeb8.js]
[js.rbxcdn.com/6b6a9766b1da79b563603535a577b7175a395cc0818a18399f11ba3dab0fa4ee.js]
[js.rbxcdn.com/4fd6123ca48f3b63530ae16e9532e28232c7cfd740307d7bcf2506ce4a56c3b6.js]
[js.rbxcdn.com/0ec8b49318e9e622b00002c1482ba52d7505c2fd0a736832b2556b078287e93a.js]
[js.rbxcdn.com/0721f5f60898438da4741ad456d454a8eaabcfbd2da0e9553995a2db69dc731c.js]
[js.rbxcdn.com/3970de7cfb2921cb8c5153fdc7b8eadf94bb148ea717372b11708ca6354f95e9.js]
[www.roblox.com/tr/login.html]
[js.rbxcdn.com/00e0311b64c9c5166cb2e75ab5bddb7f.js]
[www.roblox.com/vi/GET.2de.delayed]
[www.roblox.com/vi/POST.2df.delayed]
[js.rbxcdn.com/c2c83c84d4b515ff9e7c659da8d5ab10.js]
[www.roblox.com/vi/Download.html]
[js.rbxcdn.com/e5294a1210926cf6e31315393a023f2e88bb4638b8f4cbf551af2ec72521f917.js]
[js.rbxcdn.com/cfa2d3153a9fb32d2a9590b6584fa9109ad2238b85a6fb8e4a1e8822da2c297e.js]
[js.rbxcdn.com/534dc5c74f6fdb72dda81977faabefcd86d21e28e5016281eb49f06112a3a4fb.js]
[js.rbxcdn.com/163cf1ca7b517014fd5195f3e09950bae3fd36a178dc4e30d68d6ef499ff34c8.js]
[js.rbxcdn.com/7200e8ce36278f3f280275b4dc44db63bca8c5ade64f5db33e55f4a59b5c52a4.js]
[js.rbxcdn.com/01b1bd93c3dcfbe233b5c85829e4dad3d08f985f777c56b2f106bd817160616d.js]
[js.rbxcdn.com/d19f83199047f678ec4be439fbd518b19ffa8f9a64e74eb12c806cdcd53307a1.js]
[js.rbxcdn.com/cdcc68ae8bfdb293668a4d4459c3a3e01517063ace64bd5bbb2e25c95e602fff.js]
[js.rbxcdn.com/d98544f040df3f060b4e324ce4e1dceefeb5e42c61c10bc4e87e826576c1f565.js]
[js.rbxcdn.com/03229119eb6d683e1f5a36357135cc7ca32adfaa9886e17554a1d8e90d4f18d6.js]
[js.rbxcdn.com/5b80a57c6f3125eef185e49d9fb0a49c77c817017f12a31ba66edf4e716c5e9c.js]
[js.rbxcdn.com/210e9eb9689202f6b512302d94347c94466418b9931d45c9b6ed6d15888b2774.js]
[js.rbxcdn.com/52608212a257d0d1c6303ee19c7120a5d32879db7c5c3b8589a982d931085961.js]
[js.rbxcdn.com/f9a3555c7cb1a279ed138805305cfa848d279c0f49c95ad006016b2ad1b5927c.js]
[js.rbxcdn.com/3072915dca54e825bebe8071c31ceb7f09610e673aa4fbeb94d7d8c55840cc9c.js]
[js.rbxcdn.com/354da7787a4a8e2be2a102b158c22739f96730178e02b6ac0f0bd2e85fbd33af.js]
[js.rbxcdn.com/10d26ba6af118c62ef564f5998930236637d83d507fc6b451021b5f598368b80.js]
[js.rbxcdn.com/3560edb55ff816b777a0c43152f853a9197f8ff67ed9fa0cea30b8058b3f7f04.js]
[js.rbxcdn.com/750708d8cbad6fcfe0bc8ba382259cf7452625c8daeeac10ef18f8975e665a5f.js]
[js.rbxcdn.com/77d079f8ce0ecbe70ea1c4bc68f9d3d9a7e783a105a949934c17d189f3c59a69.js]
[js.rbxcdn.com/4df9bff0a95383269c0037f3d3ef51007d87e0cce9d2eda23489fe0811b594c7.js]
[js.rbxcdn.com/44bf2e673c7f5b637e06ba1afb896428b3d9f76f07c428c6f348856784875c63.js]
[js.rbxcdn.com/1b9a45aea32602262a1b5a927172a197104cc57096467a537461c38aa6fe0c61.js]
[js.rbxcdn.com/19e0bb34494d212cec5262331afb147a74931b6d3f370d838c629a8a9810c3c9.js]
[js.rbxcdn.com/a1f1a41f825392af94f386cb1b11700a6995fb1a9a2cce2bdb75d8e50e038106.js]
[js.rbxcdn.com/333422c4a05389de38c58761a8f7fdc0d411c737eaeebe2b3e5889b8cba1aca8.js]
[js.rbxcdn.com/a2299e0c69ad3ea80d7f368bc65b854fb94f377e74a020c2699dbe19d8d25a08.js]
[js.rbxcdn.com/943ea543f6de5840a0ff4f9ca0dad270bf78177857703a3529260b0d2626abc9.js]
[js.rbxcdn.com/23d7d0e8c739816807eea13a157b6c90f75add0ec347595bf9e6d6560f79a249.js]
[js.rbxcdn.com/b9541c62f4fd0b5871118f6fcfbd5d6d3d10f8a5793dfd3f154d1c3b57a6a882.js]
[js.rbxcdn.com/23136673da7e1720b9539b748792c2d97e3d2c4d2bf696dffd90b86b8e825be0.js]
[js.rbxcdn.com/f89c67cbd56da7aaa5db336ffa771d091dec0b17d9d500a62fc168d26cb00bcb.js]
[js.rbxcdn.com/5ad81e7b2aab0c4c1ef76cb1998df7f5c1f9f2085c3a214b14219228b0419b70.js]
[js.rbxcdn.com/4982666e002defeec91f4e654543d2f3f933ae50d19598bcbfaab41a846a25d0.js]
[js.rbxcdn.com/5dbf17be7375f3286561d7d486fa7cc255cb57b7483cd8df6648e88d454d5103.js]
[js.rbxcdn.com/e2e448ff8bc397e5b7c85c0e4d743a638fa1ebefc073c62c9551f88e5954ea7d.js]
[js.rbxcdn.com/c0be24392ef1f355ce856b0001781897142454277e45094c8a537fb6ef8d0764.js]
[js.rbxcdn.com/4a39601898878b508e5f8c8f2651c26e9b036916e66e158f1eb4f56b64379deb.js]
[js.rbxcdn.com/b5ddd5615a23336002497d42e7ff3f48de8b82da3bcffc5eb5019c0eebde530f.js]
[js.rbxcdn.com/d88fad309d3255158ced546a85060a114052855c1b133697d5a06b5c5f62d6c3.js]
[js.rbxcdn.com/0c42e696ee1a44f1dcd79934c89c69b5c4870f8ffc0e3112b1d348a840c3a335.js]
[js.rbxcdn.com/cd402526f7b31645196f4011ade64e616e35e194829031c41dbf746fb873a236.js]
[www.roblox.com/vi/login.html]
[css.rbxcdn.com/9e359afacbf43adae364437d6c7671f1f7f616d62e584e5a03c08a3db28ac08b.css]
[css.rbxcdn.com/4c3fec0ce872f94f2c2be18e6fd016e43fdc4ccecad591cdaa3a63116f512178.css]
[js.rbxcdn.com/4f40010000b8d1d9a1fcb731fa162066.js]
[images.rbxcdn.com/97ece22f2b7d710a8d25196c871af810-lock.png]
[css.rbxcdn.com/59dc4960d692ecd4d1c46d72048095b94515fe07a5ea6d619ac5a475d25dfe21.css]
[css.rbxcdn.com/97a9d5a74599e95902f6456aea6e3cfaa9fe463ebbe0ae4a6a5025d40e1b7866.css]
[css.rbxcdn.com/d584565dd1339ac8a09691938aa4cff54511f32a9bba1b9f013d6e32195b4f5a.css]
[css.rbxcdn.com/4b5dce375cef78073d2192583d1ecd458f10c308fa99847d649d5ec801bebd61.css]
[css.rbxcdn.com/70a9b96d26cf93544ef5fca7ea783f537d9e57c8e9ba395f1dfb57b090d87eff.css]
[css.rbxcdn.com/3c4bd9b17b9020d9ebc87d4542a68a949a9de6150a55a92f0e65514520ee777e.css]
[images.rbxcdn.com/1081a7ee689c21130c51515c4f404fb9-moneystack.png]
[css.rbxcdn.com/0fd144dfddc01ac3e7993d0305a56cf1027a2aed388c9be44c0d37f565b93048.css]
[images.rbxcdn.com/1bcca464c2031dbd7afc2f89aef781da-shield.png]
[css.rbxcdn.com/3bca47a98d58fdf98a7063c4f3b390671e5326ed559813887f3945876c997da6.css]
[css.rbxcdn.com/d45e200658a1343116bbf4a88c367d093758085e7d001918d641c85b2143468f.css]
[css.rbxcdn.com/c5373f0dced8d7be7bb3ad1b978fb8af776157fcc41ad3d5c92d725063c2e6e1.css]
[css.rbxcdn.com/d5a3728b78be729b693aadf79a1f45f0fa49c15fe863a0d7dd631b75f9e82207.css]
[ecsv2.roblox.com/www/e.png]
[www.roblox.com/Login-2.html]
[www.roblox.com/de/charts.html]
[www.roblox.com/es/charts.html]
[www.roblox.com/fr/charts.html]
[www.roblox.com/id/charts.html]
[www.roblox.com/it/charts.html]
[www.roblox.com/ja/charts.html]
[www.roblox.com/ko/charts.html]
[www.roblox.com/pl/charts.html]
[www.roblox.com/pt/charts.html]
[www.roblox.com/th/charts.html]
[www.roblox.com/tr/charts.html]
[www.roblox.com/vi/charts.html]
[css.rbxcdn.com/4cceeaaeb8e3c6f232aab58c2d641ad599c2e19313d9dfc88cb02d8511421dcc.css]
[css.rbxcdn.com/c6636e214eac4c0f7a8b0bdac00426889c458fe0b064d32f679f69cbc19119d1.css]
[js.rbxcdn.com/08a545ae1503441b55f5236794feccec.js]
[js.rbxcdn.com/26b6fd1b919f0b9627e151a0a84ee545.js]
[js.rbxcdn.com/05355f4f42e31d8469852179b730ec7f252467eb07a3139c9f3c2551f378bb9c.js]
[js.rbxcdn.com/cf27236499e31b91c6bd8e728286bd2f574f39b5ba635e58c74f8ab3002e4df6.js]
[js.rbxcdn.com/7c1581fd84d98f2ae8838140704fc4e83a44318b154ffb23229886a5af63262a.js]
[js.rbxcdn.com/feb64e008edcd2cdfceeb1a9b18767f07780fef52771d71dad96938ae4d9a963.js]
[js.rbxcdn.com/09c4b320654798f38bbef2eeda43b75d209e16c6a57dbd8582bacd49e276d1ff.js]
[js.rbxcdn.com/12d01ad3420cfadf918efcd540c1304b87a1d235fafe51bfdfb724f74147fd46.js]
[js.rbxcdn.com/b93e3966001fee6d487b9c247c3df76527aa9d6434c6e66f86a4606ee1f193af.js]
[js.rbxcdn.com/90bb51db086699ec26a6c9df04087678948883f8c3ddd1037c7223a20ff4fe90.js]
[www.roblox.com/charts.html]
[js.rbxcdn.com/79a30eea20f2465d7d6d6ab4cdaaebf1.js]
[www.roblox.com/de/catalog.html]
[www.roblox.com/es/catalog.html]
[www.roblox.com/fr/catalog.html]
[www.roblox.com/id/catalog.html]
[www.roblox.com/it/catalog.html]
[www.roblox.com/ja/catalog.html]
[www.roblox.com/ko/catalog.html]
[www.roblox.com/pl/catalog.html]
[www.roblox.com/pt/catalog.html]
[www.roblox.com/th/catalog.html]
[www.roblox.com/tr/catalog.html]
[css.rbxcdn.com/c0245b86765ac0cd9330317ef142266c24e97d94e5515b35460990b68100e6c0.css]
[www.roblox.com/vi/catalog.html]
[css.rbxcdn.com/d8b1d313b88b560dceb1a5374a5789a80488cd4e41023c27fc406d41af0545b3.css]
[js.rbxcdn.com/7aadbb67bc2ff38387246fb0957c3173.js]
[js.rbxcdn.com/966e7d62281fb04569c27fc1c68ae404d0d2385ecc1ed3ceb532bd1623012fb9.js]
[js.rbxcdn.com/abb9c8358ac0048fa143b1dc25c53a709bb073c89bd9a18e7b772776cb3ee0f0.js]
[js.rbxcdn.com/babce206b492515143d22e96c7508c6c11b2f1298a66f5d98b0b2c567c005962.js]
[js.rbxcdn.com/f32d0b6932b41893a40d63fa38708ba0250efc699772ada473f9af3708d32aaa.js]
[js.rbxcdn.com/cf0d7cebd72e361fe8f0d8819af16bae8e0e863d240d0c5b40585ae555b03fad.js]
[js.rbxcdn.com/41eced6bc5bfe649d39f930615d908d7a6891835d1cde73c58b9199da4867275.js]
[www.roblox.com/catalog.html]
[js.rbxcdn.com/037c0dd1982ee8ca3b40e65dad147e43.js]
[www.roblox.com/download-2.html]
[www.roblox.com/de/download-2.html]
[www.roblox.com/es/download-2.html]
[www.roblox.com/fr/download-2.html]
[www.roblox.com/id/download-2.html]
[www.roblox.com/it/download-2.html]
[www.roblox.com/ja/download-2.html]
[www.roblox.com/ko/download-2.html]
[www.roblox.com/pl/download-2.html]
[www.roblox.com/pt/download-2.html]
[www.roblox.com/th/download-2.html]
[www.roblox.com/tr/download-2.html]
[css.rbxcdn.com/978a01a00b451c0b6a5395b76d4d864b3b581b40bff1a9da1bab9b50fb24d979.css]
[www.roblox.com/vi/download-2.html]
[css.rbxcdn.com/3df1e9b65ad46f5d8a4d2e4e166f4c71978d320c25da5730afded0920bda7e9c.css]
[js.rbxcdn.com/493054d5c3aa6bf566864be1b37ae750f838a758b08dfe8a93437dc9cb805df3.js]
[js.rbxcdn.com/db60cb9d77df5e1d300fe3e1f64c3b3369b3361f8a7b583a2559034607c4dd8b.js]
[js.rbxcdn.com/89db25e9ae98cc9cf1bdfc866e521b37f91b5db2d5d7e21c9a04369928ab4453.js]
[js.rbxcdn.com/f8d49be91cc7f55dd05622a6fdcab4812b97e55ebbe21b06ced17c649fad62a7.js]
[js.rbxcdn.com/8926f498eef5bebae8d43b8def45e6873a6ee2ef3cc0369ed57cfa20bbea18da.js]
[www.roblox.com/Download.html]
[js.rbxcdn.com/75c001d91e5344c5e2152a0c1dd2bf6f.js]
[www.roblox.com/de/GET.html]
[www.roblox.com/de/POST.html]
[js.rbxcdn.com/7adfa4d7865b4c3e33245af73afb8ae3e0ca3d1d53dc0237c5e360f177f55635.js]
[js.rbxcdn.com/e3f0f366dc312ca6f7fa9c31c1bcfb0c52f54cbc37ad019ae8a673f351c58d62.js]
[js.rbxcdn.com/73a2446e2c15ae58b4a662b8b7ec73b34b67305c6a3297a81de24a6a1d0b05be.js]
[js.rbxcdn.com/22f6bb7937661a60951946627d93483656e7349b72f691d2bb9f16fb81557f96.js]
[js.rbxcdn.com/54a7c50a94cb462aee6d7626aa4d5163c112c96332257ad8e4d095c9dcfbd306.js]
[js.rbxcdn.com/1fc6c55a4385f03df2deab038682c2f392fa7b3dd9a05c3767e2c25937058c5d.js]
[www.roblox.com/de/Download.html]
[www.roblox.com/es/GET.html]
[www.roblox.com/es/POST.html]
[js.rbxcdn.com/44a655fe1530fc020996f4ca26b902df.js]
[js.rbxcdn.com/2014f16586caca6f33fa9be17b357478fb6a470a988d55efc3a97dd44fcd3a60.js]
[js.rbxcdn.com/6d48db57540ec3bd03ac5c3305c69f2ee2f7dd46c89115f84163359f74defd8c.js]
[js.rbxcdn.com/c8658186e7d85f312f924296b6a4d4541509040a72f605d8923bbf2d06aaf40f.js]
[www.roblox.com/es/Download.html]
[www.roblox.com/fr/GET.html]
[www.roblox.com/fr/POST.html]
[js.rbxcdn.com/ae29d573642f95db961ee79ba23a8ef9.js]
[js.rbxcdn.com/fa089ddb08e38bbcace50db00dc56de689713c8dcfa8a374b5bc8ee739e1e660.js]
[js.rbxcdn.com/36389a7af2f7b53ab72fa18247408b717e77ce7a13b6562e0335909fef027309.js]
[js.rbxcdn.com/2d805090bfc2a9a4fb385435e4995c89ab11e7e317caefbf7f1b39e598c1ef95.js]
[www.roblox.com/fr/Download.html]
[www.roblox.com/id/GET.html]
[www.roblox.com/id/POST.html]
[js.rbxcdn.com/770c25db75350ef351decdc947e08b3c.js]
[js.rbxcdn.com/6001155482a2ad914bc08dfe7d493bf63ee3db3a698767bf222c72a9a7cb004a.js]
[js.rbxcdn.com/79ec82ceb7574fd86b722665d01b57589d942a6be8f6232e81588d5c25a7132d.js]
[js.rbxcdn.com/f6670d038e08839b7d7c1e4643a7f26b74d60884f249eed16bccea378509f57e.js]
[www.roblox.com/id/Download.html]
[www.roblox.com/it/GET.html]
[www.roblox.com/it/POST.html]
[js.rbxcdn.com/03b1ccfe92667ee73e3039b392df5d7c.js]
[js.rbxcdn.com/a85df1fcf715d02fd8ce97b81e4e2c451f70d308abc6d5af34db8829940f7e77.js]
[js.rbxcdn.com/30866e85b50a492ec53ddca34c377aaa7ccb6256718ae2538b6cc7122f3edadb.js]
[js.rbxcdn.com/4f005279bb6e9c6394050a3987b2da94949cf5d1c3a53c26c5d5130e4d7a197f.js]
[www.roblox.com/it/Download.html]
[www.roblox.com/ja/GET.html]
[www.roblox.com/ja/POST.html]
[js.rbxcdn.com/46fe627100484efa4f219103bf219020.js]
[js.rbxcdn.com/617a90497d8274e265ef43afad120bc99eeb75020ea3833c62645be3ef2d4de6.js]
[js.rbxcdn.com/5e826b80bd0f186e6f49a89337a42d46d2e534268bfe32e9fc77bf0dcfd43856.js]
[js.rbxcdn.com/95c834c19b59566eee4080019dce9d4a5756f72b1a777aebf35352af64ded92f.js]
[www.roblox.com/ja/Download.html]
[www.roblox.com/ko/GET.html]
[www.roblox.com/ko/POST.html]
[js.rbxcdn.com/1c53ffe2a7c2bac60bf1eeabb8b7b6a8.js]
[js.rbxcdn.com/9186835790152a45dd50e9d63865df556aa7dc632a0ba550d3a4ab02f1b3d633.js]
[js.rbxcdn.com/fc9ea11ab663bd6f9c3239547d291437b1ad6da85d44a401ca79c22fd7a407c0.js]
[js.rbxcdn.com/d614fc8e5a6b8abf25fbd6eeeb55d7adea2f58e971279405b8401210cabb8066.js]
[www.roblox.com/ko/Download.html]
[www.roblox.com/pl/GET.html]
[www.roblox.com/pl/POST.html]
[js.rbxcdn.com/18407cf914b7c2b163016858d081ab5b.js]
[js.rbxcdn.com/7e47c06fcbc45bade075fd957db5543f063f839c9f44d6b4c70d5c444294644f.js]
[js.rbxcdn.com/9e954c9cf2e2f493b1a40bd1130935367eb7b69484a06dd042195e8e28d03fe7.js]
[js.rbxcdn.com/911dc47d0fb0867d8df2643188224bd08d3297cc77aa01fe823f9dec1d2f888c.js]
[www.roblox.com/pl/Download.html]
[www.roblox.com/pt/GET.html]
[www.roblox.com/pt/POST.html]
[js.rbxcdn.com/ee9d481089d5324045bfccbc0c833ba5.js]
[js.rbxcdn.com/0e53b0c7889379193b7506430a9b3eb7ba57f08f1c3df105f87fb1448f8e95fb.js]
[js.rbxcdn.com/da9aeb6e7a3e81baea026b469cab21bf52d1724ed52bb88cbbb693f0c588852a.js]
[js.rbxcdn.com/51395e9a9daffd6bc206d7b6ec662aab3a4a29a38249b70a79dbc4f6203223d4.js]
[www.roblox.com/pt/Download.html]
[www.roblox.com/th/GET.html]
[www.roblox.com/th/POST.html]
[js.rbxcdn.com/0223ef276096660fbaed1712d8ac7856.js]
[js.rbxcdn.com/4d1c520b8f6360bea61aa75c68fc9b382a021e1122129b5f2e749d44fbafe3f4.js]
[js.rbxcdn.com/781952c4b31c483ae8c07af35205d47be341416e04afc0253b472fadeca92764.js]
[js.rbxcdn.com/e3d45c484894fe5f11818dd20952642e6beeef9b7df824f5bd2e3a3eefcf52c9.js]
[www.roblox.com/th/Download.html]
[www.roblox.com/tr/GET.html]
[www.roblox.com/tr/POST.html]
[js.rbxcdn.com/b13c0f13017ec9e36995c7a8f4a00a38.js]
[js.rbxcdn.com/7dfbd66c30066c2e95942cb04e62ee4adfd137b72450caf6ff908bb655867f0e.js]
[js.rbxcdn.com/083f7c725ffc4bdd0434e916fbcb3e6871a5b845a8f28b65f81bd3bb53daa512.js]
[js.rbxcdn.com/1080921494b994d585207c65e5b95af2a8112369ac9dbc0b20ba9fffd6828579.js]
[www.roblox.com/tr/Download.html]
[www.roblox.com/vi/GET.html]
[www.roblox.com/vi/POST.html]
[js.rbxcdn.com/77b44278b279c8315192e827dbac235d.js]
[js.rbxcdn.com/761628e04c797c2487be180c0278eae8f2297fb60e93eb7e4caba51ddf06a77d.js]
[js.rbxcdn.com/03b3a59afa054cc82cb6b56bfe01dcafd09e5c3fe55227e41db09ed07257b65c.js]
[js.rbxcdn.com/56d32842edfd350a5962726205a67bbaf38bf913881dda05cb12314dea4842b7.js]
[www.roblox.com/vi/Download.html]
[js.rbxcdn.com/69cca08248ba4bb3faec485b4b0d1649.js]
[js.rbxcdn.com/9fbf9bd5e6e4bd9f1bd66534e92368f3ee0a0765f20e6e0577126871cef4cb3c.js]
[js.rbxcdn.com/b21260309cc62ae035a0f4485ec2816cb88172dc7556448f9d693c3394de5262.js]
[js.rbxcdn.com/2c66f5e8aa878e1c1256ba300ed19d92bf5b4058043a6fdc726b26839a84442d.js]
[js.rbxcdn.com/e852052e4b325897ab54ae26437f997297db4bc78ef16833ec956ba8fe86988e.js]
[js.rbxcdn.com/22d55aad2ca1e72504456be0a421dc06a3739b4b65fc195ce243c4a3b4693047.js]
[js.rbxcdn.com/be6da04a9f10652477893680ca5e478a79048fd4eedf90de679b0dcf564a814b.js]
[js.rbxcdn.com/d506742a0370f7e8ce9e198bdade2c9336a5ccb7ab48b990d91660d703a25e6d.js]
[js.rbxcdn.com/00639e2d599953d9c2417e0232341850dd4d4762d2068c223c1dd9b976918e7c.js]
[www.roblox.com/de/charts.html]
[js.rbxcdn.com/cb9c72e02dc9290380233782f2ec79c2.js]
[js.rbxcdn.com/23e5b1dfcfd32cc19095311b041386d425dfec61328af47627bc47d67804eaab.js]
[js.rbxcdn.com/778f33c5fb0901958965b4877e9a333d1c24578317c4a1499f82847724bf391e.js]
[js.rbxcdn.com/7188e936cb2d6c07d8788007e3291b484b482f7ed751a803517c8711fac9b5a7.js]
[js.rbxcdn.com/787e42695fefe25bd09a46b825d919dc7649698787db6d726055cd1e8300980a.js]
[www.roblox.com/es/charts.html]
[js.rbxcdn.com/91fcb4951e87aa1c7f0f49f54f81cad9.js]
[js.rbxcdn.com/93075c025c824fd3e7199a5e0f89feecae222be7c7589730407eeb5acc0fd30a.js]
[js.rbxcdn.com/b9dc3e6c3fa451eb03d0939e79e6db06157af81393e6124a170002d17b3fd766.js]
[js.rbxcdn.com/5263deb0e56f14f0db640e8782220b214201ea2a779c196aef40cfd4f79bee11.js]
[js.rbxcdn.com/9e809806eba20c809b8b873f6e3ef483faa70a5a4ff0c49eb41836c225f8cc6f.js]
[www.roblox.com/fr/charts.html]
[js.rbxcdn.com/2d4ab575556b43eacdd83d32b9d0dc8c.js]
[js.rbxcdn.com/dfbf418622ec466817f6e7001c73a252d630e97cadd51641a2a6afcf4429215d.js]
[js.rbxcdn.com/4787731876b2ec81b55d6e2e50b36e004766f18973706598b3cbfe4c76847364.js]
[js.rbxcdn.com/ea0f346a2bca4f362c745f15334edba6249f04dfc12c6766df3fa28d3d00c4a7.js]
[js.rbxcdn.com/588db888f9b5c7caa461721ac26a02851e3ce7089c0e859b0f8eb031042e23ce.js]
[www.roblox.com/id/charts.html]
[js.rbxcdn.com/903228a34c5681f6268402e84e66cdba.js]
[js.rbxcdn.com/251da5b6db8faeb8ac3d2703a37b45063960dd788304520c56c0a9231fb798a2.js]
[js.rbxcdn.com/cb78040c9580f093c1687bac8ebe8856138f3b059946daae2e8a8897d9cb5593.js]
[js.rbxcdn.com/aaf02fda432dec04c05c49debb3f15e12c9022d675084f999ce5f7694d704cd7.js]
[js.rbxcdn.com/6cce9596c23a91edd489d5ae7cae0e8c8645676a44d78e98a686353ca03ae257.js]
[www.roblox.com/it/charts.html]
[js.rbxcdn.com/caf600e97ef0beab9127b3bc6a581661.js]
[js.rbxcdn.com/9d8e00dd5e23337f2083665e5991538eef3abb4506028e61e5992ed734229383.js]
[js.rbxcdn.com/1192dfc3fc9aa784d0abd8f974d5a918499123c95489eed566e597482a91fdf7.js]
[js.rbxcdn.com/71638a87032cef4bf467fdff04320115661e92b8d3d69a119eced79474fa6b52.js]
[js.rbxcdn.com/855673ae76628c33b6e954ef4f8038b23a1ac4081c228eaaed90f80425629e10.js]
[www.roblox.com/ja/charts.html]
[js.rbxcdn.com/22af34fd649a0326fabed8567c60316c.js]
[js.rbxcdn.com/ba01c53cc48f0679f58d9e0ad28d4f44e63bc4bb7627c15ff49d85ee30b986fe.js]
[js.rbxcdn.com/202ff19834b31bf1254dbf3acf49682ef22fa345201871e0282d0d3e7d02d6a4.js]
[js.rbxcdn.com/a6a9128b734e9a98726b02567def27e434cdef967cdf4313c565356897c152ce.js]
[js.rbxcdn.com/7691ac851db141071b3c674402dfb2c171156f43dd5601f5cd21fb4d3c087b04.js]
[www.roblox.com/ko/charts.html]
[js.rbxcdn.com/51787b87103a708d9d915f3e073b846c.js]
[js.rbxcdn.com/fba956874a6851f7dc8d4a3afae9b79454841f5477d5daa7518a8ebe21dad0ad.js]
[js.rbxcdn.com/a893fc38a9fe8a0f31af0a307e190f12234b98765844e3bd3b9beaf162d8a482.js]
[js.rbxcdn.com/346b31992fe7a31ecf788f89f4a5b28e6f8c900e12d4ecce2fcbceabe074db62.js]
[js.rbxcdn.com/c901b9542389b4b2452359fad48b1c3512a5926e1e1ed696f88c15f3be1cd43a.js]
[www.roblox.com/pl/charts.html]
[js.rbxcdn.com/1a0c4db68f4acb573f56c0431e938753.js]
[js.rbxcdn.com/52951e0d11f63035b15a42b31f373e789ab16169976b39b7d744cee5ad6ddb43.js]
[js.rbxcdn.com/f4d323858c0b09684cb0166eae42cea37e9ca8e92185c6a66a5b86f8dfde89b2.js]
[js.rbxcdn.com/328dd943c6a84ac8e78b678568a64a0cac10233668cffbfc4b08b2947f513fb5.js]
[js.rbxcdn.com/8693b306503db263121d5e5fba6fe2138bb518ff3a6d2828f068ba7e6f75338a.js]
[www.roblox.com/pt/charts.html]
[js.rbxcdn.com/daf7c33492a5b6596b8fad13e90b57dd.js]
[js.rbxcdn.com/9dbf3b065676a39a03b16b85e5281390cf1e75051947f40ea60bf9071ca8dbe9.js]
[js.rbxcdn.com/b340d0295ba3702911fd7bf79ad831fa13c5bef0134f4689c135914f5b51d8a5.js]
[js.rbxcdn.com/f08b9b16b17363ba8bd6f8c363fcaa733a6993f7cf9b7fa5dc83c6426b4c13ca.js]
[js.rbxcdn.com/04d89318b7bcec2c2ab1d87f3637603eb44af0ad73bb700ff70b9b770c6b9f4d.js]
[www.roblox.com/th/charts.html]
[js.rbxcdn.com/d9667de304e6ff8e2ec382cdcce501bd.js]
[js.rbxcdn.com/4aba10fe9d0733d3dce9bab8123771c7a4b0a6ee643f70bf9b338b43be30139d.js]
[js.rbxcdn.com/56b5b311df3d408d4ffd727274dda14104288f51ff55ba26cf1a15ad75e98bf8.js]
[js.rbxcdn.com/8d04ef5517338db9c267b08e5a7ffcaba9541054effcb6ce81123c2fb104e999.js]
[js.rbxcdn.com/878b83433b40c9f19c5fdbde1b3db3d02b087b39788672e27f0911c1a7e126da.js]
[www.roblox.com/tr/charts.html]
[js.rbxcdn.com/ccdcb4b2046236fa4f677c1f59962318.js]
[js.rbxcdn.com/4f3edfe3ec577fb429240ec1f4a1fccb51ae46bba4e1ad13f4a4dc62bfcb7b94.js]
[js.rbxcdn.com/478459a47588a094873d6ed1f2a2cbc5648262bc082f620bbb3df8d8d15195ba.js]
[js.rbxcdn.com/652bfc52837a25f86daf4a71c27e9cc12a738d730455ea340156373c39aa631e.js]
[js.rbxcdn.com/cbc7260151f1526b17ac62f14b9649c08ab97c128473d39aef0ceace88f79dd8.js]
[www.roblox.com/vi/charts.html]
[css.rbxcdn.com/4cceeaaeb8e3c6f232aab58c2d641ad599c2e19313d9dfc88cb02d8511421dcc.css]
[css.rbxcdn.com/c6636e214eac4c0f7a8b0bdac00426889c458fe0b064d32f679f69cbc19119d1.css]
[js.rbxcdn.com/e388fa35bcaec052756e2229d1b2dc1e.js]
[js.rbxcdn.com/6ae54154f09c46fa2c18c757ec71ca32.js]
[js.rbxcdn.com/a35b5342ceeb69aca44f03fd05d6cf49d8c2ca296170db4e62411a64292b3219.js]
[js.rbxcdn.com/203605fa1dddee6d93ac709f7a8853f5fed73ed4e555ca738081c293acb51ce0.js]
[js.rbxcdn.com/06f46ee572955ef59aed9138a8adb77e7f28932b73f53b02f9988888ebc06e81.js]
[js.rbxcdn.com/5b5f18127337c55117cc02dabe88ae6fb39826c1556fc5b6aedc632e502b3a75.js]
[www.roblox.com/de/catalog.html]
[js.rbxcdn.com/21b32ac08944676d59a09ea73653ba1e.js]
[js.rbxcdn.com/09b3ff64c83e1b2188fdd2955d4e169f.js]
[js.rbxcdn.com/575ee90c3c69a2b9413c8005ef2d26cc2e88e41b3c94a9b87eb4bb1f266c5da5.js]
[js.rbxcdn.com/3e78738a3b2f8970d485dbc498a0ec1f79b9dd20107242a41737c50d0351dd85.js]
[www.roblox.com/es/catalog.html]
[js.rbxcdn.com/261367066e0f164054ab1219c4ea2050.js]
[js.rbxcdn.com/e426e2ec1660715d4fedb1c30d95fb0c.js]
[js.rbxcdn.com/60ccd84f54341b61d091e4eef1cf632d9e5a45a60104921fbef270a8b26747d4.js]
[js.rbxcdn.com/47ef109f9ac8f45c1e500c2dbce590333d9b2e07f6bc422df4e3730d3aecd19d.js]
[www.roblox.com/fr/catalog.html]
[js.rbxcdn.com/d45aa08b58dd01739ed72ec52480bcc1.js]
[js.rbxcdn.com/20d294a31de54fe4c6c1bceb8f67673e.js]
[js.rbxcdn.com/90b55ce1b893fce48f63c6321a37dbf97289c65d3a834fa2432369459f3ad519.js]
[js.rbxcdn.com/2ef762af9e7922f3c6edfbc1e84e5eeb329e8583b673c5a6297c1bc58ca5ac37.js]
[www.roblox.com/id/catalog.html]
[js.rbxcdn.com/12140871dfb580e43b8cdb872ff8aef8.js]
[js.rbxcdn.com/6a8f4ffc129493b04d0e9b42988c06ff.js]
[js.rbxcdn.com/b32840c6951c7a06fc1436f710a8028d9533f70c58523fa4da976806e8dee0ab.js]
[js.rbxcdn.com/e18ee803a2a7d8d47e7c327f37e6910242df4469dc4455a219adb56b7e6bce84.js]
[www.roblox.com/it/catalog.html]
[js.rbxcdn.com/47fa8cba70e22ee70115e4f7260f7b86.js]
[js.rbxcdn.com/09132f88d10b0fd6f19171655e9ba3e9.js]
[js.rbxcdn.com/b6b68b988bdb8976a88c93b34734721446ab33e60d1c3bee011c4a6bee084fce.js]
[js.rbxcdn.com/866481aae4a36e863d85fae4adac642d89b76dfe2bd6a557fedd034e46873083.js]
[www.roblox.com/ja/catalog.html]
[js.rbxcdn.com/b6448b3d0561476856923578092304e8.js]
[js.rbxcdn.com/5924c1f9465e7ca69795120c902720ad.js]
[js.rbxcdn.com/add87839d46c03d80ee014f866d16508ff976837edf9b58c093cbb99a6bdb407.js]
[js.rbxcdn.com/1a7e71e5119afa5f2aeac8ffddbd85352d6a34f35f2ea641daf4b3f87652bc78.js]
[www.roblox.com/ko/catalog.html]
[js.rbxcdn.com/490fae23aa3f638e65c228493e75c52c.js]
[js.rbxcdn.com/5c895dfcea797860da1af83c3e35bc34.js]
[js.rbxcdn.com/40dda6ae5d804dc7fca8c7293e6c23a20e92466d7f3f29326dbd0a3cb903bc23.js]
[js.rbxcdn.com/e8764a7c01275b1fe697d27bab51d326428d861ba7f918bd4fc1e013a38888aa.js]
[www.roblox.com/pl/catalog.html]
[js.rbxcdn.com/3350485cf522a5c6cba5fe6206809a72.js]
[js.rbxcdn.com/69ddebd8c70bca008e6b84d40b32e0ca.js]
[js.rbxcdn.com/fb0ef31cf0afe8a952c78cf3ff61086ad59b603ccb7cfe1f6828c57e2e807208.js]
[js.rbxcdn.com/a83b902e62da1167532fd3ff7a431c6950aedb9b28d72fb65b5c9d3ace864fe3.js]
[www.roblox.com/pt/catalog.html]
[js.rbxcdn.com/8f20a7a32c6a5630b199b77f735b283d.js]
[js.rbxcdn.com/13740b1231e5c02afc666b271814dfed.js]
[js.rbxcdn.com/f62c18388d93c8a0395ec3651913e150150bc6da7c0ab9366d4f4c5bf26d9897.js]
[js.rbxcdn.com/15ba3d9509ff1ab3a1306285f6c3e15bf854c08c431dabff1d54c694de28636d.js]
[www.roblox.com/th/catalog.html]
[js.rbxcdn.com/064a2d3431a356742a3b8d507f333bc1.js]
[js.rbxcdn.com/ea018c2025b995ae9d6df5652e2aabc2.js]
[js.rbxcdn.com/0c31146d7204919a4dfb290a50ea1713daf3e2730f9cde9996727345ddfd4f11.js]
[js.rbxcdn.com/3925e1d0a3dd3b640fa1b415a530dbdf47f3b92deabd14d5ac8a7ebabe08ff5f.js]
[www.roblox.com/tr/catalog.html]
[js.rbxcdn.com/6fba77a05de5f68ad584a4a75c61241e.js]
[js.rbxcdn.com/40f8e8f324883b166615f87c1f7cca3e.js]
[js.rbxcdn.com/531f483d8287412a3f5cc3ada8e406b0d7b6056c1207d696acf32878d6b464bc.js]
[js.rbxcdn.com/16bcc3b9538af1c1f20aa5ddeae7ae9b770e1a81fa126c6516dfce047ea001f1.js]
[www.roblox.com/vi/catalog.html]
[css.rbxcdn.com/c0245b86765ac0cd9330317ef142266c24e97d94e5515b35460990b68100e6c0.css]
[js.rbxcdn.com/b3f53e429442157584163bcf11c79771.js]
[images.rbxcdn.com/9ab81b050dfa397c7183a38a4f57b066-TopUpRobux.png]
[css.rbxcdn.com/d8b1d313b88b560dceb1a5374a5789a80488cd4e41023c27fc406d41af0545b3.css]
[www.roblox.com/download-2.html]
[www.roblox.com/de/download-2.html]
[www.roblox.com/es/download-2.html]
[www.roblox.com/fr/download-2.html]
[www.roblox.com/id/download-2.html]
[www.roblox.com/it/download-2.html]
[www.roblox.com/ja/download-2.html]
[www.roblox.com/ko/download-2.html]
[www.roblox.com/pl/download-2.html]
[www.roblox.com/pt/download-2.html]
[www.roblox.com/th/download-2.html]
[www.roblox.com/tr/download-2.html]
[www.roblox.com/vi/download-2.html]
[css.rbxcdn.com/978a01a00b451c0b6a5395b76d4d864b3b581b40bff1a9da1bab9b50fb24d979.css]
[images.rbxcdn.com/cd61247b93abe1751dd351fa6c253ba1-install-app-qr-code.png]
[css.rbxcdn.com/3df1e9b65ad46f5d8a4d2e4e166f4c71978d320c25da5730afded0920bda7e9c.css]
